<?xml version="1.0" encoding="UTF-8"?>
<robot generator="Robot 6.1a1 (Python 3.10.6 on linux)" generated="20230416 18:47:42.756" rpa="false" schemaversion="4">
<suite id="s1" name="solucaoExerciciosAPI" source="/home/paru/Documentos/Code/robot_framework/Robot_Avancado/SolucaoExerciciosAPI/solucaoExerciciosAPI.robot">
<test id="s1-t1" name="Cadastrar comentário issue &quot;12&quot;" line="14">
<kw name="Conectar com autenticação por token">
<kw name="Create Dictionary" library="BuiltIn">
<var>${HEADERS}</var>
<arg>Authorization=Bearer ${MY_GITHUB_TOKEN}</arg>
<doc>Creates and returns a dictionary based on the given ``items``.</doc>
<msg timestamp="20230416 18:47:42.815" level="INFO">${HEADERS} = {'Authorization': 'Bearer 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'}</msg>
<status status="PASS" starttime="20230416 18:47:42.815" endtime="20230416 18:47:42.815"/>
</kw>
<kw name="Create Session" library="RequestsLibrary">
<arg>alias=mygithubAuth</arg>
<arg>url=${GITHUB_HOST}</arg>
<arg>headers=${HEADERS}</arg>
<arg>disable_warnings=True</arg>
<doc>Create Session: create a HTTP session to a server</doc>
<msg timestamp="20230416 18:47:42.816" level="INFO">Creating Session using : alias=mygithubAuth, url=https://api.github.com, headers={'Authorization': 'Bearer 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'},                     cookies={}, auth=None, timeout=None, proxies=None, verify=False,                     debug=0 </msg>
<status status="PASS" starttime="20230416 18:47:42.815" endtime="20230416 18:47:42.816"/>
</kw>
<status status="PASS" starttime="20230416 18:47:42.815" endtime="20230416 18:47:42.816"/>
</kw>
<kw name="Cadastrar comentário na ISSUE#12">
<kw name="Post On Session" library="RequestsLibrary">
<var>${MY_USER_DATA}</var>
<arg>alias=mygithubAuth</arg>
<arg>url=${ISSUES_URI}/12/comments</arg>
<arg>data={"body": "Comentário cadastrado via Robot Framework!"}</arg>
<doc>Sends a POST request on a previously created HTTP Session.</doc>
<msg timestamp="20230416 18:47:43.367" level="INFO">POST Request : url=https://api.github.com/repos/mayribeirofernandes/myudemyrobotframeworkcourse/issues/12/comments 
 path_url=/repos/mayribeirofernandes/myudemyrobotframeworkcourse/issues/12/comments 
 headers={'User-Agent': 'python-requests/2.26.0', 'Accept-Encoding': 'gzip, deflate', 'Accept': '*/*', 'Connection': 'keep-alive', 'Authorization': 'Bearer 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', 'Content-Length': '54'} 
 body={"body": "Comentário cadastrado via Robot Framework!"} 
 </msg>
<msg timestamp="20230416 18:47:43.367" level="INFO">POST Response : url=https://api.github.com/repos/mayribeirofernandes/myudemyrobotframeworkcourse/issues/12/comments 
 status=400, reason=Bad Request 
 headers={'Server': 'GitHub.com', 'Date': 'Sun, 16 Apr 2023 21:47:53 GMT', 'Content-Type': 'application/json; charset=utf-8', 'Content-Length': '127', 'X-OAuth-Scopes': 'admin:org_hook, admin:public_key, admin:repo_hook, gist, notifications, repo, user, write:packages', 'X-Accepted-OAuth-Scopes': '', 'github-authentication-token-expiration': '2023-04-23 21:30:46 UTC', 'X-GitHub-Media-Type': 'github.v3; format=json', 'x-github-api-version-selected': '2022-11-28', 'X-RateLimit-Limit': '5000', 'X-RateLimit-Remaining': '4995', 'X-RateLimit-Reset': '1681684857', 'X-RateLimit-Used': '5', 'X-RateLimit-Resource': 'core', 'Access-Control-Expose-Headers': 'ETag, Link, Location, Retry-After, X-GitHub-OTP, X-RateLimit-Limit, X-RateLimit-Remaining, X-RateLimit-Used, X-RateLimit-Resource, X-RateLimit-Reset, X-OAuth-Scopes, X-Accepted-OAuth-Scopes, X-Poll-Interval, X-GitHub-Media-Type, X-GitHub-SSO, X-GitHub-Request-Id, Deprecation, Sunset', 'Access-Control-Allow-Origin': '*', 'Strict-Transport-Security': 'max-age=31536000; includeSubdomains; preload', 'X-Frame-Options': 'deny', 'X-Content-Type-Options': 'nosniff', 'X-XSS-Protection': '0', 'Referrer-Policy': 'origin-when-cross-origin, strict-origin-when-cross-origin', 'Content-Security-Policy': "default-src 'none'", 'Vary': 'Accept-Encoding, Accept, X-Requested-With', 'X-GitHub-Request-Id': '77E2:1A10:7F6B0F:8AD139:643C6D09'} 
 body={"message":"Problems parsing JSON","documentation_url":"https://docs.github.com/rest/reference/issues#create-an-issue-comment"} 
 </msg>
<msg timestamp="20230416 18:47:43.368" level="FAIL">HTTPError: 400 Client Error: Bad Request for url: https://api.github.com/repos/mayribeirofernandes/myudemyrobotframeworkcourse/issues/12/comments</msg>
<status status="FAIL" starttime="20230416 18:47:42.816" endtime="20230416 18:47:43.370"/>
</kw>
<kw name="Confere sucesso na requisição">
<arg>${MY_USER_DATA}</arg>
<status status="NOT RUN" starttime="20230416 18:47:43.370" endtime="20230416 18:47:43.370"/>
</kw>
<status status="FAIL" starttime="20230416 18:47:42.816" endtime="20230416 18:47:43.371"/>
</kw>
<status status="FAIL" starttime="20230416 18:47:42.814" endtime="20230416 18:47:43.371">HTTPError: 400 Client Error: Bad Request for url: https://api.github.com/repos/mayribeirofernandes/myudemyrobotframeworkcourse/issues/12/comments</status>
</test>
<test id="s1-t2" name="Consultar comentários" line="17">
<kw name="Conectar na API sem autenticar">
<kw name="Create Session" library="RequestsLibrary">
<arg>alias=mygithub</arg>
<arg>url=${GITHUB_HOST}</arg>
<arg>disable_warnings=True</arg>
<doc>Create Session: create a HTTP session to a server</doc>
<msg timestamp="20230416 18:47:43.375" level="INFO">Creating Session using : alias=mygithub, url=https://api.github.com, headers={},                     cookies={}, auth=None, timeout=None, proxies=None, verify=False,                     debug=0 </msg>
<status status="PASS" starttime="20230416 18:47:43.374" endtime="20230416 18:47:43.376"/>
</kw>
<status status="PASS" starttime="20230416 18:47:43.373" endtime="20230416 18:47:43.376"/>
</kw>
<kw name="Ver comentarios da ISSUE por &quot;updated&quot; e &quot;desc&quot;" sourcename="Ver comentarios da ISSUE por &quot;${SORT}&quot; e &quot;${DIRECTION}&quot;">
<kw name="Create Dictionary" library="BuiltIn">
<var>&amp;{PARAMS}</var>
<arg>sort=${SORT}</arg>
<arg>direction=${DIRECTION}</arg>
<doc>Creates and returns a dictionary based on the given ``items``.</doc>
<msg timestamp="20230416 18:47:43.380" level="INFO">&amp;{PARAMS} = { sort=updated | direction=desc }</msg>
<status status="PASS" starttime="20230416 18:47:43.378" endtime="20230416 18:47:43.380"/>
</kw>
<kw name="Get On Session" library="RequestsLibrary">
<var>${MY_ISSUES}</var>
<arg>alias=mygithub</arg>
<arg>url=${ISSUES_URI}</arg>
<arg>params=${PARAMS}</arg>
<doc>Sends a GET request on a previously created HTTP Session.</doc>
<msg timestamp="20230416 18:47:43.911" level="INFO">GET Request : url=https://api.github.com/repos/mayribeirofernandes/myudemyrobotframeworkcourse/issues?sort=updated&amp;direction=desc 
 path_url=/repos/mayribeirofernandes/myudemyrobotframeworkcourse/issues?sort=updated&amp;direction=desc 
 headers={'User-Agent': 'python-requests/2.26.0', 'Accept-Encoding': 'gzip, deflate', 'Accept': '*/*', 'Connection': 'keep-alive'} 
 body=None 
 </msg>
<msg timestamp="20230416 18:47:43.911" level="INFO">GET Response : url=https://api.github.com/repos/mayribeirofernandes/myudemyrobotframeworkcourse/issues?sort=updated&amp;direction=desc 
 status=200, reason=OK 
 headers={'Server': 'GitHub.com', 'Date': 'Sun, 16 Apr 2023 21:47:54 GMT', 'Content-Type': 'application/json; charset=utf-8', 'Cache-Control': 'public, max-age=60, s-maxage=60', 'Vary': 'Accept, Accept-Encoding, Accept, X-Requested-With', 'ETag': 'W/"b0f086fdeb66382c0a89af85e8c811563de3ec2166651ef9b265edee1dcbca12"', 'X-GitHub-Media-Type': 'github.v3; format=json', 'Link': '&lt;https://api.github.com/repositories/217423086/issues?sort=updated&amp;direction=desc&amp;page=2&gt;; rel="next", &lt;https://api.github.com/repositories/217423086/issues?sort=updated&amp;direction=desc&amp;page=7&gt;; rel="last"', 'x-github-api-version-selected': '2022-11-28', 'Access-Control-Expose-Headers': 'ETag, Link, Location, Retry-After, X-GitHub-OTP, X-RateLimit-Limit, X-RateLimit-Remaining, X-RateLimit-Used, X-RateLimit-Resource, X-RateLimit-Reset, X-OAuth-Scopes, X-Accepted-OAuth-Scopes, X-Poll-Interval, X-GitHub-Media-Type, X-GitHub-SSO, X-GitHub-Request-Id, Deprecation, Sunset', 'Access-Control-Allow-Origin': '*', 'Strict-Transport-Security': 'max-age=31536000; includeSubdomains; preload', 'X-Frame-Options': 'deny', 'X-Content-Type-Options': 'nosniff', 'X-XSS-Protection': '0', 'Referrer-Policy': 'origin-when-cross-origin, strict-origin-when-cross-origin', 'Content-Security-Policy': "default-src 'none'", 'Content-Encoding': 'gzip', 'X-RateLimit-Limit': '60', 'X-RateLimit-Remaining': '58', 'X-RateLimit-Reset': '1681685118', 'X-RateLimit-Resource': 'core', 'X-RateLimit-Used': '2', 'Accept-Ranges': 'bytes', 'Transfer-Encoding': 'chunked', 'X-GitHub-Request-Id': '77E5:3082:785882:83BEC0:643C6D0A'} 
 body=[{"url":"https://api.github.com/repos/mayribeirofernandes/myudemyrobotframeworkcourse/issues/12","repository_url":"https://api.github.com/repos/mayribeirofernandes/myudemyrobotframeworkcourse","labels_url":"https://api.github.com/repos/mayribeirofernandes/myudemyrobotframeworkcourse/issues/12/labels{/name}","comments_url":"https://api.github.com/repos/mayribeirofernandes/myudemyrobotframeworkcourse/issues/12/comments","events_url":"https://api.github.com/repos/mayribeirofernandes/myudemyrobotframeworkcourse/issues/12/events","html_url":"https://github.com/mayribeirofernandes/myudemyrobotframeworkcourse/issues/12","id":515820817,"node_id":"MDU6SXNzdWU1MTU4MjA4MTc=","number":12,"title":"Teste de criar Issue via API do GitHub","user":{"login":"mayribeirofernandes","id":26631940,"node_id":"MDQ6VXNlcjI2NjMxOTQw","avatar_url":"https://avatars.githubusercontent.com/u/26631940?v=4","gravatar_id":"","url":"https://api.github.com/users/mayribeirofernandes","html_url":"https://github.com/mayribeirofernandes","followers_url":"https://api.github.com/users/mayribeirofernandes/followers","following_url":"https://api.github.com/users/mayribeirofernandes/following{/other_user}","gists_url":"https://api.github.com/users/mayribeirofernandes/gists{/gist_id}","starred_url":"https://api.github.com/users/mayribeirofernandes/starred{/owner}{/repo}","subscriptions_url":"https://api.github.com/users/mayribeirofernandes/subscriptions","organizations_url":"https://api.github.com/users/mayribeirofernandes/orgs","repos_url":"https://api.github.com/users/mayribeirofernandes/repos","events_url":"https://api.github.com/users/mayribeirofernandes/events{/privacy}","received_events_url":"https://api.github.com/users/mayribeirofernandes/received_events","type":"User","site_admin":false},"labels":[{"id":1637187945,"node_id":"MDU6TGFiZWwxNjM3MTg3OTQ1","url":"https://api.github.com/repos/mayribeirofernandes/myudemyrobotframeworkcourse/labels/bug","name":"bug","color":"d73a4a","default":true,"description":"Something isn't working"}],"state":"open","locked":false,"assignee":{"login":"mayribeirofernandes","id":26631940,"node_id":"MDQ6VXNlcjI2NjMxOTQw","avatar_url":"https://avatars.githubusercontent.com/u/26631940?v=4","gravatar_id":"","url":"https://api.github.com/users/mayribeirofernandes","html_url":"https://github.com/mayribeirofernandes","followers_url":"https://api.github.com/users/mayribeirofernandes/followers","following_url":"https://api.github.com/users/mayribeirofernandes/following{/other_user}","gists_url":"https://api.github.com/users/mayribeirofernandes/gists{/gist_id}","starred_url":"https://api.github.com/users/mayribeirofernandes/starred{/owner}{/repo}","subscriptions_url":"https://api.github.com/users/mayribeirofernandes/subscriptions","organizations_url":"https://api.github.com/users/mayribeirofernandes/orgs","repos_url":"https://api.github.com/users/mayribeirofernandes/repos","events_url":"https://api.github.com/users/mayribeirofernandes/events{/privacy}","received_events_url":"https://api.github.com/users/mayribeirofernandes/received_events","type":"User","site_admin":false},"assignees":[{"login":"mayribeirofernandes","id":26631940,"node_id":"MDQ6VXNlcjI2NjMxOTQw","avatar_url":"https://avatars.githubusercontent.com/u/26631940?v=4","gravatar_id":"","url":"https://api.github.com/users/mayribeirofernandes","html_url":"https://github.com/mayribeirofernandes","followers_url":"https://api.github.com/users/mayribeirofernandes/followers","following_url":"https://api.github.com/users/mayribeirofernandes/following{/other_user}","gists_url":"https://api.github.com/users/mayribeirofernandes/gists{/gist_id}","starred_url":"https://api.github.com/users/mayribeirofernandes/starred{/owner}{/repo}","subscriptions_url":"https://api.github.com/users/mayribeirofernandes/subscriptions","organizations_url":"https://api.github.com/users/mayribeirofernandes/orgs","repos_url":"https://api.github.com/users/mayribeirofernandes/repos","events_url":"https://api.github.com/users/mayribeirofernandes/events{/privacy}","received_events_url":"https://api.github.com/users/mayribeirofernandes/received_events","type":"User","site_admin":false}],"milestone":null,"comments":127,"created_at":"2019-10-31T23:45:18Z","updated_at":"2023-04-16T21:45:17Z","closed_at":null,"author_association":"OWNER","active_lock_reason":null,"body":"Yeah! Criei uma issue via API!!!","reactions":{"url":"https://api.github.com/repos/mayribeirofernandes/myudemyrobotframeworkcourse/issues/12/reactions","total_count":2,"+1":1,"-1":0,"laugh":0,"hooray":0,"confused":0,"heart":0,"rocket":1,"eyes":0},"timeline_url":"https://api.github.com/repos/mayribeirofernandes/myudemyrobotframeworkcourse/issues/12/timeline","performed_via_github_app":null,"state_reason":null},{"url":"https://api.github.com/repos/mayribeirofernandes/myudemyrobotframeworkcourse/issues/207","repository_url":"https://api.github.com/repos/mayribeirofernandes/myudemyrobotframeworkcourse","labels_url":"https://api.github.com/repos/mayribeirofernandes/myudemyrobotframeworkcourse/issues/207/labels{/name}","comments_url":"https://api.github.com/repos/mayribeirofernandes/myudemyrobotframeworkcourse/issues/207/comments","events_url":"https://api.github.com/repos/mayribeirofernandes/myudemyrobotframeworkcourse/issues/207/events","html_url":"https://github.com/mayribeirofernandes/myudemyrobotframeworkcourse/issues/207","id":1668967131,"node_id":"I_kwDODPWc7s5jemrb","number":207,"title":"Teste de criar Issue via API do GitHub by [GabrielOli]","user":{"login":"GabrielOli22","id":97307046,"node_id":"U_kgDOBczJpg","avatar_url":"https://avatars.githubusercontent.com/u/97307046?v=4","gravatar_id":"","url":"https://api.github.com/users/GabrielOli22","html_url":"https://github.com/GabrielOli22","followers_url":"https://api.github.com/users/GabrielOli22/followers","following_url":"https://api.github.com/users/GabrielOli22/following{/other_user}","gists_url":"https://api.github.com/users/GabrielOli22/gists{/gist_id}","starred_url":"https://api.github.com/users/GabrielOli22/starred{/owner}{/repo}","subscriptions_url":"https://api.github.com/users/GabrielOli22/subscriptions","organizations_url":"https://api.github.com/users/GabrielOli22/orgs","repos_url":"https://api.github.com/users/GabrielOli22/repos","events_url":"https://api.github.com/users/GabrielOli22/events{/privacy}","received_events_url":"https://api.github.com/users/GabrielOli22/received_events","type":"User","site_admin":false},"labels":[],"state":"open","locked":false,"assignee":null,"assignees":[],"milestone":null,"comments":0,"created_at":"2023-04-14T21:22:26Z","updated_at":"2023-04-14T21:22:26Z","closed_at":null,"author_association":"NONE","active_lock_reason":null,"body":"GabrielOli criou essa Issue via API do GitHub nos testes com Robot Framework!","reactions":{"url":"https://api.github.com/repos/mayribeirofernandes/myudemyrobotframeworkcourse/issues/207/reactions","total_count":0,"+1":0,"-1":0,"laugh":0,"hooray":0,"confused":0,"heart":0,"rocket":0,"eyes":0},"timeline_url":"https://api.github.com/repos/mayribeirofernandes/myudemyrobotframeworkcourse/issues/207/timeline","performed_via_github_app":null,"state_reason":null},{"url":"https://api.github.com/repos/mayribeirofernandes/myudemyrobotframeworkcourse/issues/206","repository_url":"https://api.github.com/repos/mayribeirofernandes/myudemyrobotframeworkcourse","labels_url":"https://api.github.com/repos/mayribeirofernandes/myudemyrobotframeworkcourse/issues/206/labels{/name}","comments_url":"https://api.github.com/repos/mayribeirofernandes/myudemyrobotframeworkcourse/issues/206/comments","events_url":"https://api.github.com/repos/mayribeirofernandes/myudemyrobotframeworkcourse/issues/206/events","html_url":"https://github.com/mayribeirofernandes/myudemyrobotframeworkcourse/issues/206","id":1651026910,"node_id":"I_kwDODPWc7s5iaKve","number":206,"title":"Postagem de issue via API do github by [DanielMGT]","user":{"login":"DanielMGT","id":22941011,"node_id":"MDQ6VXNlcjIyOTQxMDEx","avatar_url":"https://avatars.githubusercontent.com/u/22941011?v=4","gravatar_id":"","url":"https://api.github.com/users/DanielMGT","html_url":"https://github.com/DanielMGT","followers_url":"https://api.github.com/users/DanielMGT/followers","following_url":"https://api.github.com/users/DanielMGT/following{/other_user}","gists_url":"https://api.github.com/users/DanielMGT/gists{/gist_id}","starred_url":"https://api.github.com/users/DanielMGT/starred{/owner}{/repo}","subscriptions_url":"https://api.github.com/users/DanielMGT/subscriptions","organizations_url":"https://api.github.com/users/DanielMGT/orgs","repos_url":"https://api.github.com/users/DanielMGT/repos","events_url":"https://api.github.com/users/DanielMGT/events{/privacy}","received_events_url":"https://api.github.com/users/DanielMGT/received_events","type":"User","site_admin":false},"labels":[],"state":"open","locked":false,"assignee":null,"assignees":[],"milestone":null,"comments":0,"created_at":"2023-04-02T17:21:53Z","updated_at":"2023-04-02T17:21:53Z","closed_at":null,"author_association":"NONE","active_lock_reason":null,"body":"DanielMGT criou essa issue via API do github com a label Robot Framework","reactions":{"url":"https://api.github.com/repos/mayribeirofernandes/myudemyrobotframeworkcourse/issues/206/reactions","total_count":0,"+1":0,"-1":0,"laugh":0,"hooray":0,"confused":0,"heart":0,"rocket":0,"eyes":0},"timeline_url":"https://api.github.com/repos/mayribeirofernandes/myudemyrobotframeworkcourse/issues/206/timeline","performed_via_github_app":null,"state_reason":null},{"url":"https://api.github.com/repos/mayribeirofernandes/myudemyrobotframeworkcourse/issues/205","repository_url":"https://api.github.com/repos/mayribeirofernandes/myudemyrobotframeworkcourse","labels_url":"https://api.github.com/repos/mayribeirofernandes/myudemyrobotframeworkcourse/issues/205/labels{/name}","comments_url":"https://api.github.com/repos/mayribeirofernandes/myudemyrobotframeworkcourse/issues/205/comments","events_url":"h... (set the log level to DEBUG or TRACE to see the full content) 
 </msg>
<msg timestamp="20230416 18:47:43.912" level="INFO">${MY_ISSUES} = &lt;Response [200]&gt;</msg>
<status status="PASS" starttime="20230416 18:47:43.380" endtime="20230416 18:47:43.912"/>
</kw>
<kw name="Log" library="BuiltIn">
<arg>Comentários de Issues: ${MY_ISSUES.json()}</arg>
<doc>Logs the given message with the given level.</doc>
<msg timestamp="20230416 18:47:43.917" level="INFO">Comentários de Issues: [{'url': 'https://api.github.com/repos/mayribeirofernandes/myudemyrobotframeworkcourse/issues/12', 'repository_url': 'https://api.github.com/repos/mayribeirofernandes/myudemyrobotframeworkcourse', 'labels_url': 'https://api.github.com/repos/mayribeirofernandes/myudemyrobotframeworkcourse/issues/12/labels{/name}', 'comments_url': 'https://api.github.com/repos/mayribeirofernandes/myudemyrobotframeworkcourse/issues/12/comments', 'events_url': 'https://api.github.com/repos/mayribeirofernandes/myudemyrobotframeworkcourse/issues/12/events', 'html_url': 'https://github.com/mayribeirofernandes/myudemyrobotframeworkcourse/issues/12', 'id': 515820817, 'node_id': 'MDU6SXNzdWU1MTU4MjA4MTc=', 'number': 12, 'title': 'Teste de criar Issue via API do GitHub', 'user': {'login': 'mayribeirofernandes', 'id': 26631940, 'node_id': 'MDQ6VXNlcjI2NjMxOTQw', 'avatar_url': 'https://avatars.githubusercontent.com/u/26631940?v=4', 'gravatar_id': '', 'url': 'https://api.github.com/users/mayribeirofernandes', 'html_url': 'https://github.com/mayribeirofernandes', 'followers_url': 'https://api.github.com/users/mayribeirofernandes/followers', 'following_url': 'https://api.github.com/users/mayribeirofernandes/following{/other_user}', 'gists_url': 'https://api.github.com/users/mayribeirofernandes/gists{/gist_id}', 'starred_url': 'https://api.github.com/users/mayribeirofernandes/starred{/owner}{/repo}', 'subscriptions_url': 'https://api.github.com/users/mayribeirofernandes/subscriptions', 'organizations_url': 'https://api.github.com/users/mayribeirofernandes/orgs', 'repos_url': 'https://api.github.com/users/mayribeirofernandes/repos', 'events_url': 'https://api.github.com/users/mayribeirofernandes/events{/privacy}', 'received_events_url': 'https://api.github.com/users/mayribeirofernandes/received_events', 'type': 'User', 'site_admin': False}, 'labels': [{'id': 1637187945, 'node_id': 'MDU6TGFiZWwxNjM3MTg3OTQ1', 'url': 'https://api.github.com/repos/mayribeirofernandes/myudemyrobotframeworkcourse/labels/bug', 'name': 'bug', 'color': 'd73a4a', 'default': True, 'description': "Something isn't working"}], 'state': 'open', 'locked': False, 'assignee': {'login': 'mayribeirofernandes', 'id': 26631940, 'node_id': 'MDQ6VXNlcjI2NjMxOTQw', 'avatar_url': 'https://avatars.githubusercontent.com/u/26631940?v=4', 'gravatar_id': '', 'url': 'https://api.github.com/users/mayribeirofernandes', 'html_url': 'https://github.com/mayribeirofernandes', 'followers_url': 'https://api.github.com/users/mayribeirofernandes/followers', 'following_url': 'https://api.github.com/users/mayribeirofernandes/following{/other_user}', 'gists_url': 'https://api.github.com/users/mayribeirofernandes/gists{/gist_id}', 'starred_url': 'https://api.github.com/users/mayribeirofernandes/starred{/owner}{/repo}', 'subscriptions_url': 'https://api.github.com/users/mayribeirofernandes/subscriptions', 'organizations_url': 'https://api.github.com/users/mayribeirofernandes/orgs', 'repos_url': 'https://api.github.com/users/mayribeirofernandes/repos', 'events_url': 'https://api.github.com/users/mayribeirofernandes/events{/privacy}', 'received_events_url': 'https://api.github.com/users/mayribeirofernandes/received_events', 'type': 'User', 'site_admin': False}, 'assignees': [{'login': 'mayribeirofernandes', 'id': 26631940, 'node_id': 'MDQ6VXNlcjI2NjMxOTQw', 'avatar_url': 'https://avatars.githubusercontent.com/u/26631940?v=4', 'gravatar_id': '', 'url': 'https://api.github.com/users/mayribeirofernandes', 'html_url': 'https://github.com/mayribeirofernandes', 'followers_url': 'https://api.github.com/users/mayribeirofernandes/followers', 'following_url': 'https://api.github.com/users/mayribeirofernandes/following{/other_user}', 'gists_url': 'https://api.github.com/users/mayribeirofernandes/gists{/gist_id}', 'starred_url': 'https://api.github.com/users/mayribeirofernandes/starred{/owner}{/repo}', 'subscriptions_url': 'https://api.github.com/users/mayribeirofernandes/subscriptions', 'organizations_url': 'https://api.github.com/users/mayribeirofernandes/orgs', 'repos_url': 'https://api.github.com/users/mayribeirofernandes/repos', 'events_url': 'https://api.github.com/users/mayribeirofernandes/events{/privacy}', 'received_events_url': 'https://api.github.com/users/mayribeirofernandes/received_events', 'type': 'User', 'site_admin': False}], 'milestone': None, 'comments': 127, 'created_at': '2019-10-31T23:45:18Z', 'updated_at': '2023-04-16T21:45:17Z', 'closed_at': None, 'author_association': 'OWNER', 'active_lock_reason': None, 'body': 'Yeah! Criei uma issue via API!!!', 'reactions': {'url': 'https://api.github.com/repos/mayribeirofernandes/myudemyrobotframeworkcourse/issues/12/reactions', 'total_count': 2, '+1': 1, '-1': 0, 'laugh': 0, 'hooray': 0, 'confused': 0, 'heart': 0, 'rocket': 1, 'eyes': 0}, 'timeline_url': 'https://api.github.com/repos/mayribeirofernandes/myudemyrobotframeworkcourse/issues/12/timeline', 'performed_via_github_app': None, 'state_reason': None}, {'url': 'https://api.github.com/repos/mayribeirofernandes/myudemyrobotframeworkcourse/issues/207', 'repository_url': 'https://api.github.com/repos/mayribeirofernandes/myudemyrobotframeworkcourse', 'labels_url': 'https://api.github.com/repos/mayribeirofernandes/myudemyrobotframeworkcourse/issues/207/labels{/name}', 'comments_url': 'https://api.github.com/repos/mayribeirofernandes/myudemyrobotframeworkcourse/issues/207/comments', 'events_url': 'https://api.github.com/repos/mayribeirofernandes/myudemyrobotframeworkcourse/issues/207/events', 'html_url': 'https://github.com/mayribeirofernandes/myudemyrobotframeworkcourse/issues/207', 'id': 1668967131, 'node_id': 'I_kwDODPWc7s5jemrb', 'number': 207, 'title': 'Teste de criar Issue via API do GitHub by [GabrielOli]', 'user': {'login': 'GabrielOli22', 'id': 97307046, 'node_id': 'U_kgDOBczJpg', 'avatar_url': 'https://avatars.githubusercontent.com/u/97307046?v=4', 'gravatar_id': '', 'url': 'https://api.github.com/users/GabrielOli22', 'html_url': 'https://github.com/GabrielOli22', 'followers_url': 'https://api.github.com/users/GabrielOli22/followers', 'following_url': 'https://api.github.com/users/GabrielOli22/following{/other_user}', 'gists_url': 'https://api.github.com/users/GabrielOli22/gists{/gist_id}', 'starred_url': 'https://api.github.com/users/GabrielOli22/starred{/owner}{/repo}', 'subscriptions_url': 'https://api.github.com/users/GabrielOli22/subscriptions', 'organizations_url': 'https://api.github.com/users/GabrielOli22/orgs', 'repos_url': 'https://api.github.com/users/GabrielOli22/repos', 'events_url': 'https://api.github.com/users/GabrielOli22/events{/privacy}', 'received_events_url': 'https://api.github.com/users/GabrielOli22/received_events', 'type': 'User', 'site_admin': False}, 'labels': [], 'state': 'open', 'locked': False, 'assignee': None, 'assignees': [], 'milestone': None, 'comments': 0, 'created_at': '2023-04-14T21:22:26Z', 'updated_at': '2023-04-14T21:22:26Z', 'closed_at': None, 'author_association': 'NONE', 'active_lock_reason': None, 'body': 'GabrielOli criou essa Issue via API do GitHub nos testes com Robot Framework!', 'reactions': {'url': 'https://api.github.com/repos/mayribeirofernandes/myudemyrobotframeworkcourse/issues/207/reactions', 'total_count': 0, '+1': 0, '-1': 0, 'laugh': 0, 'hooray': 0, 'confused': 0, 'heart': 0, 'rocket': 0, 'eyes': 0}, 'timeline_url': 'https://api.github.com/repos/mayribeirofernandes/myudemyrobotframeworkcourse/issues/207/timeline', 'performed_via_github_app': None, 'state_reason': None}, {'url': 'https://api.github.com/repos/mayribeirofernandes/myudemyrobotframeworkcourse/issues/206', 'repository_url': 'https://api.github.com/repos/mayribeirofernandes/myudemyrobotframeworkcourse', 'labels_url': 'https://api.github.com/repos/mayribeirofernandes/myudemyrobotframeworkcourse/issues/206/labels{/name}', 'comments_url': 'https://api.github.com/repos/mayribeirofernandes/myudemyrobotframeworkcourse/issues/206/comments', 'events_url': 'https://api.github.com/repos/mayribeirofernandes/myudemyrobotframeworkcourse/issues/206/events', 'html_url': 'https://github.com/mayribeirofernandes/myudemyrobotframeworkcourse/issues/206', 'id': 1651026910, 'node_id': 'I_kwDODPWc7s5iaKve', 'number': 206, 'title': 'Postagem de issue via API do github by [DanielMGT]', 'user': {'login': 'DanielMGT', 'id': 22941011, 'node_id': 'MDQ6VXNlcjIyOTQxMDEx', 'avatar_url': 'https://avatars.githubusercontent.com/u/22941011?v=4', 'gravatar_id': '', 'url': 'https://api.github.com/users/DanielMGT', 'html_url': 'https://github.com/DanielMGT', 'followers_url': 'https://api.github.com/users/DanielMGT/followers', 'following_url': 'https://api.github.com/users/DanielMGT/following{/other_user}', 'gists_url': 'https://api.github.com/users/DanielMGT/gists{/gist_id}', 'starred_url': 'https://api.github.com/users/DanielMGT/starred{/owner}{/repo}', 'subscriptions_url': 'https://api.github.com/users/DanielMGT/subscriptions', 'organizations_url': 'https://api.github.com/users/DanielMGT/orgs', 'repos_url': 'https://api.github.com/users/DanielMGT/repos', 'events_url': 'https://api.github.com/users/DanielMGT/events{/privacy}', 'received_events_url': 'https://api.github.com/users/DanielMGT/received_events', 'type': 'User', 'site_admin': False}, 'labels': [], 'state': 'open', 'locked': False, 'assignee': None, 'assignees': [], 'milestone': None, 'comments': 0, 'created_at': '2023-04-02T17:21:53Z', 'updated_at': '2023-04-02T17:21:53Z', 'closed_at': None, 'author_association': 'NONE', 'active_lock_reason': None, 'body': 'DanielMGT criou essa issue via API do github com a label Robot Framework', 'reactions': {'url': 'https://api.github.com/repos/mayribeirofernandes/myudemyrobotframeworkcourse/issues/206/reactions', 'total_count': 0, '+1': 0, '-1': 0, 'laugh': 0, 'hooray': 0, 'confused': 0, 'heart': 0, 'rocket': 0, 'eyes': 0}, 'timeline_url': 'https://api.github.com/repos/mayribeirofernandes/myudemyrobotframeworkcourse/issues/206/timeline', 'performed_via_github_app': None, 'state_reason': None}, {'url': 'https://api.github.com/repos/mayribeirofernandes/myudemyrobotframeworkcourse/issues/205', 'repository_url': 'https://api.github.com/repos/mayribeirofernandes/myudemyrobotframeworkcourse', 'labels_url': 'https://api.github.com/repos/mayribeirofernandes/myudemyrobotframeworkcourse/issues/205/labels{/name}', 'comments_url': 'https://api.github.com/repos/mayribeirofernandes/myudemyrobotframeworkcourse/issues/205/comments', 'events_url': 'https://api.github.com/repos/mayribeirofernandes/myudemyrobotframeworkcourse/issues/205/events', 'html_url': 'https://github.com/mayribeirofernandes/myudemyrobotframeworkcourse/issues/205', 'id': 1629111285, 'node_id': 'I_kwDODPWc7s5hGkP1', 'number': 205, 'title': 'Teste de criar Issue via API do GitHub by [gestoremacao@gmail.com]', 'user': {'login': 'duuf4', 'id': 42935263, 'node_id': 'MDQ6VXNlcjQyOTM1MjYz', 'avatar_url': 'https://avatars.githubusercontent.com/u/42935263?v=4', 'gravatar_id': '', 'url': 'https://api.github.com/users/duuf4', 'html_url': 'https://github.com/duuf4', 'followers_url': 'https://api.github.com/users/duuf4/followers', 'following_url': 'https://api.github.com/users/duuf4/following{/other_user}', 'gists_url': 'https://api.github.com/users/duuf4/gists{/gist_id}', 'starred_url': 'https://api.github.com/users/duuf4/starred{/owner}{/repo}', 'subscriptions_url': 'https://api.github.com/users/duuf4/subscriptions', 'organizations_url': 'https://api.github.com/users/duuf4/orgs', 'repos_url': 'https://api.github.com/users/duuf4/repos', 'events_url': 'https://api.github.com/users/duuf4/events{/privacy}', 'received_events_url': 'https://api.github.com/users/duuf4/received_events', 'type': 'User', 'site_admin': False}, 'labels': [], 'state': 'open', 'locked': False, 'assignee': None, 'assignees': [], 'milestone': None, 'comments': 0, 'created_at': '2023-03-17T10:59:15Z', 'updated_at': '2023-03-17T10:59:15Z', 'closed_at': None, 'author_association': 'NONE', 'active_lock_reason': None, 'body': 'gestoremacao@gmail.com criou essa Issue via API do GitHub nos testes com Robot Framework!', 'reactions': {'url': 'https://api.github.com/repos/mayribeirofernandes/myudemyrobotframeworkcourse/issues/205/reactions', 'total_count': 0, '+1': 0, '-1': 0, 'laugh': 0, 'hooray': 0, 'confused': 0, 'heart': 0, 'rocket': 0, 'eyes': 0}, 'timeline_url': 'https://api.github.com/repos/mayribeirofernandes/myudemyrobotframeworkcourse/issues/205/timeline', 'performed_via_github_app': None, 'state_reason': None}, {'url': 'https://api.github.com/repos/mayribeirofernandes/myudemyrobotframeworkcourse/issues/204', 'repository_url': 'https://api.github.com/repos/mayribeirofernandes/myudemyrobotframeworkcourse', 'labels_url': 'https://api.github.com/repos/mayribeirofernandes/myudemyrobotframeworkcourse/issues/204/labels{/name}', 'comments_url': 'https://api.github.com/repos/mayribeirofernandes/myudemyrobotframeworkcourse/issues/204/comments', 'events_url': 'https://api.github.com/repos/mayribeirofernandes/myudemyrobotframeworkcourse/issues/204/events', 'html_url': 'https://github.com/mayribeirofernandes/myudemyrobotframeworkcourse/issues/204', 'id': 1629107866, 'node_id': 'I_kwDODPWc7s5hGjaa', 'number': 204, 'title': 'Teste de criar Issue via API do GitHub by [{user_git}]', 'user': {'login': 'duuf4', 'id': 42935263, 'node_id': 'MDQ6VXNlcjQyOTM1MjYz', 'avatar_url': 'https://avatars.githubusercontent.com/u/42935263?v=4', 'gravatar_id': '', 'url': 'https://api.github.com/users/duuf4', 'html_url': 'https://github.com/duuf4', 'followers_url': 'https://api.github.com/users/duuf4/followers', 'following_url': 'https://api.github.com/users/duuf4/following{/other_user}', 'gists_url': 'https://api.github.com/users/duuf4/gists{/gist_id}', 'starred_url': 'https://api.github.com/users/duuf4/starred{/owner}{/repo}', 'subscriptions_url': 'https://api.github.com/users/duuf4/subscriptions', 'organizations_url': 'https://api.github.com/users/duuf4/orgs', 'repos_url': 'https://api.github.com/users/duuf4/repos', 'events_url': 'https://api.github.com/users/duuf4/events{/privacy}', 'received_events_url': 'https://api.github.com/users/duuf4/received_events', 'type': 'User', 'site_admin': False}, 'labels': [], 'state': 'open', 'locked': False, 'assignee': None, 'assignees': [], 'milestone': None, 'comments': 0, 'created_at': '2023-03-17T10:56:58Z', 'updated_at': '2023-03-17T10:56:58Z', 'closed_at': None, 'author_association': 'NONE', 'active_lock_reason': None, 'body': '{user_git} criou essa Issue via API do GitHub nos testes com Robot Framework!', 'reactions': {'url': 'https://api.github.com/repos/mayribeirofernandes/myudemyrobotframeworkcourse/issues/204/reactions', 'total_count': 0, '+1': 0, '-1': 0, 'laugh': 0, 'hooray': 0, 'confused': 0, 'heart': 0, 'rocket': 0, 'eyes': 0}, 'timeline_url': 'https://api.github.com/repos/mayribeirofernandes/myudemyrobotframeworkcourse/issues/204/timeline', 'performed_via_github_app': None, 'state_reason': None}, {'url': 'https://api.github.com/repos/mayribeirofernandes/myudemyrobotframeworkcourse/issues/203', 'repository_url': 'https://api.github.com/repos/mayribeirofernandes/myudemyrobotframeworkcourse', 'labels_url': 'https://api.github.com/repos/mayribeirofernandes/myudemyrobotframeworkcourse/issues/203/labels{/name}', 'comments_url': 'https://api.github.com/repos/mayribeirofernandes/myudemyrobotframeworkcourse/issues/203/comments', 'events_url': 'https://api.github.com/repos/mayribeirofernandes/myudemyrobotframeworkcourse/issues/203/events', 'html_url': 'https://github.com/mayribeirofernandes/myudemyrobotframeworkcourse/issues/203', 'id': 1629105887, 'node_id': 'I_kwDODPWc7s5hGi7f', 'number': 203, 'title': 'Teste de criar Issue via API do GitHub by [{user_git}]', 'user': {'login': 'duuf4', 'id': 42935263, 'node_id': 'MDQ6VXNlcjQyOTM1MjYz', 'avatar_url': 'https://avatars.githubusercontent.com/u/42935263?v=4', 'gravatar_id': '', 'url': 'https://api.github.com/users/duuf4', 'html_url': 'https://github.com/duuf4', 'followers_url': 'https://api.github.com/users/duuf4/followers', 'following_url': 'https://api.github.com/users/duuf4/following{/other_user}', 'gists_url': 'https://api.github.com/users/duuf4/gists{/gist_id}', 'starred_url': 'https://api.github.com/users/duuf4/starred{/owner}{/repo}', 'subscriptions_url': 'https://api.github.com/users/duuf4/subscriptions', 'organizations_url': 'https://api.github.com/users/duuf4/orgs', 'repos_url': 'https://api.github.com/users/duuf4/repos', 'events_url': 'https://api.github.com/users/duuf4/events{/privacy}', 'received_events_url': 'https://api.github.com/users/duuf4/received_events', 'type': 'User', 'site_admin': False}, 'labels': [], 'state': 'open', 'locked': False, 'assignee': None, 'assignees': [], 'milestone': None, 'comments': 0, 'created_at': '2023-03-17T10:55:40Z', 'updated_at': '2023-03-17T10:55:40Z', 'closed_at': None, 'author_association': 'NONE', 'active_lock_reason': None, 'body': '{user_git} criou essa Issue via API do GitHub nos testes com Robot Framework!', 'reactions': {'url': 'https://api.github.com/repos/mayribeirofernandes/myudemyrobotframeworkcourse/issues/203/reactions', 'total_count': 0, '+1': 0, '-1': 0, 'laugh': 0, 'hooray': 0, 'confused': 0, 'heart': 0, 'rocket': 0, 'eyes': 0}, 'timeline_url': 'https://api.github.com/repos/mayribeirofernandes/myudemyrobotframeworkcourse/issues/203/timeline', 'performed_via_github_app': None, 'state_reason': None}, {'url': 'https://api.github.com/repos/mayribeirofernandes/myudemyrobotframeworkcourse/issues/202', 'repository_url': 'https://api.github.com/repos/mayribeirofernandes/myudemyrobotframeworkcourse', 'labels_url': 'https://api.github.com/repos/mayribeirofernandes/myudemyrobotframeworkcourse/issues/202/labels{/name}', 'comments_url': 'https://api.github.com/repos/mayribeirofernandes/myudemyrobotframeworkcourse/issues/202/comments', 'events_url': 'https://api.github.com/repos/mayribeirofernandes/myudemyrobotframeworkcourse/issues/202/events', 'html_url': 'https://github.com/mayribeirofernandes/myudemyrobotframeworkcourse/issues/202', 'id': 1629096618, 'node_id': 'I_kwDODPWc7s5hGgqq', 'number': 202, 'title': 'Teste de criar Issue via API do GitHub by [gestoremacao@gmail.com]', 'user': {'login': 'duuf4', 'id': 42935263, 'node_id': 'MDQ6VXNlcjQyOTM1MjYz', 'avatar_url': 'https://avatars.githubusercontent.com/u/42935263?v=4', 'gravatar_id': '', 'url': 'https://api.github.com/users/duuf4', 'html_url': 'https://github.com/duuf4', 'followers_url': 'https://api.github.com/users/duuf4/followers', 'following_url': 'https://api.github.com/users/duuf4/following{/other_user}', 'gists_url': 'https://api.github.com/users/duuf4/gists{/gist_id}', 'starred_url': 'https://api.github.com/users/duuf4/starred{/owner}{/repo}', 'subscriptions_url': 'https://api.github.com/users/duuf4/subscriptions', 'organizations_url': 'https://api.github.com/users/duuf4/orgs', 'repos_url': 'https://api.github.com/users/duuf4/repos', 'events_url': 'https://api.github.com/users/duuf4/events{/privacy}', 'received_events_url': 'https://api.github.com/users/duuf4/received_events', 'type': 'User', 'site_admin': False}, 'labels': [], 'state': 'open', 'locked': False, 'assignee': None, 'assignees': [], 'milestone': None, 'comments': 0, 'created_at': '2023-03-17T10:48:40Z', 'updated_at': '2023-03-17T10:48:40Z', 'closed_at': None, 'author_association': 'NONE', 'active_lock_reason': None, 'body': 'gestoremacao@gmail.com criou essa Issue via API do GitHub nos testes com Robot Framework!', 'reactions': {'url': 'https://api.github.com/repos/mayribeirofernandes/myudemyrobotframeworkcourse/issues/202/reactions', 'total_count': 0, '+1': 0, '-1': 0, 'laugh': 0, 'hooray': 0, 'confused': 0, 'heart': 0, 'rocket': 0, 'eyes': 0}, 'timeline_url': 'https://api.github.com/repos/mayribeirofernandes/myudemyrobotframeworkcourse/issues/202/timeline', 'performed_via_github_app': None, 'state_reason': None}, {'url': 'https://api.github.com/repos/mayribeirofernandes/myudemyrobotframeworkcourse/issues/201', 'repository_url': 'https://api.github.com/repos/mayribeirofernandes/myudemyrobotframeworkcourse', 'labels_url': 'https://api.github.com/repos/mayribeirofernandes/myudemyrobotframeworkcourse/issues/201/labels{/name}', 'comments_url': 'https://api.github.com/repos/mayribeirofernandes/myudemyrobotframeworkcourse/issues/201/comments', 'events_url': 'https://api.github.com/repos/mayribeirofernandes/myudemyrobotframeworkcourse/issues/201/events', 'html_url': 'https://github.com/mayribeirofernandes/myudemyrobotframeworkcourse/issues/201', 'id': 1625192321, 'node_id': 'I_kwDODPWc7s5g3neB', 'number': 201, 'title': 'Teste de criar Issue via API do GitHub by [gestoremacao@gmail.com]', 'user': {'login': 'duuf4', 'id': 42935263, 'node_id': 'MDQ6VXNlcjQyOTM1MjYz', 'avatar_url': 'https://avatars.githubusercontent.com/u/42935263?v=4', 'gravatar_id': '', 'url': 'https://api.github.com/users/duuf4', 'html_url': 'https://github.com/duuf4', 'followers_url': 'https://api.github.com/users/duuf4/followers', 'following_url': 'https://api.github.com/users/duuf4/following{/other_user}', 'gists_url': 'https://api.github.com/users/duuf4/gists{/gist_id}', 'starred_url': 'https://api.github.com/users/duuf4/starred{/owner}{/repo}', 'subscriptions_url': 'https://api.github.com/users/duuf4/subscriptions', 'organizations_url': 'https://api.github.com/users/duuf4/orgs', 'repos_url': 'https://api.github.com/users/duuf4/repos', 'events_url': 'https://api.github.com/users/duuf4/events{/privacy}', 'received_events_url': 'https://api.github.com/users/duuf4/received_events', 'type': 'User', 'site_admin': False}, 'labels': [], 'state': 'open', 'locked': False, 'assignee': None, 'assignees': [], 'milestone': None, 'comments': 0, 'created_at': '2023-03-15T10:07:39Z', 'updated_at': '2023-03-15T10:07:39Z', 'closed_at': None, 'author_association': 'NONE', 'active_lock_reason': None, 'body': 'gestoremacao@gmail.com criou essa Issue via API do GitHub nos testes com Robot Framework!', 'reactions': {'url': 'https://api.github.com/repos/mayribeirofernandes/myudemyrobotframeworkcourse/issues/201/reactions', 'total_count': 0, '+1': 0, '-1': 0, 'laugh': 0, 'hooray': 0, 'confused': 0, 'heart': 0, 'rocket': 0, 'eyes': 0}, 'timeline_url': 'https://api.github.com/repos/mayribeirofernandes/myudemyrobotframeworkcourse/issues/201/timeline', 'performed_via_github_app': None, 'state_reason': None}, {'url': 'https://api.github.com/repos/mayribeirofernandes/myudemyrobotframeworkcourse/issues/200', 'repository_url': 'https://api.github.com/repos/mayribeirofernandes/myudemyrobotframeworkcourse', 'labels_url': 'https://api.github.com/repos/mayribeirofernandes/myudemyrobotframeworkcourse/issues/200/labels{/name}', 'comments_url': 'https://api.github.com/repos/mayribeirofernandes/myudemyrobotframeworkcourse/issues/200/comments', 'events_url': 'https://api.github.com/repos/mayribeirofernandes/myudemyrobotframeworkcourse/issues/200/events', 'html_url': 'https://github.com/mayribeirofernandes/myudemyrobotframeworkcourse/issues/200', 'id': 1623487918, 'node_id': 'I_kwDODPWc7s5gxHWu', 'number': 200, 'title': 'Teste de criar Issue via API do GitHub by [gestoremacao@gmail.com]', 'user': {'login': 'duuf4', 'id': 42935263, 'node_id': 'MDQ6VXNlcjQyOTM1MjYz', 'avatar_url': 'https://avatars.githubusercontent.com/u/42935263?v=4', 'gravatar_id': '', 'url': 'https://api.github.com/users/duuf4', 'html_url': 'https://github.com/duuf4', 'followers_url': 'https://api.github.com/users/duuf4/followers', 'following_url': 'https://api.github.com/users/duuf4/following{/other_user}', 'gists_url': 'https://api.github.com/users/duuf4/gists{/gist_id}', 'starred_url': 'https://api.github.com/users/duuf4/starred{/owner}{/repo}', 'subscriptions_url': 'https://api.github.com/users/duuf4/subscriptions', 'organizations_url': 'https://api.github.com/users/duuf4/orgs', 'repos_url': 'https://api.github.com/users/duuf4/repos', 'events_url': 'https://api.github.com/users/duuf4/events{/privacy}', 'received_events_url': 'https://api.github.com/users/duuf4/received_events', 'type': 'User', 'site_admin': False}, 'labels': [], 'state': 'open', 'locked': False, 'assignee': None, 'assignees': [], 'milestone': None, 'comments': 0, 'created_at': '2023-03-14T13:30:43Z', 'updated_at': '2023-03-14T13:30:43Z', 'closed_at': None, 'author_association': 'NONE', 'active_lock_reason': None, 'body': 'gestoremacao@gmail.com criou essa Issue via API do GitHub nos testes com Robot Framework!', 'reactions': {'url': 'https://api.github.com/repos/mayribeirofernandes/myudemyrobotframeworkcourse/issues/200/reactions', 'total_count': 0, '+1': 0, '-1': 0, 'laugh': 0, 'hooray': 0, 'confused': 0, 'heart': 0, 'rocket': 0, 'eyes': 0}, 'timeline_url': 'https://api.github.com/repos/mayribeirofernandes/myudemyrobotframeworkcourse/issues/200/timeline', 'performed_via_github_app': None, 'state_reason': None}, {'url': 'https://api.github.com/repos/mayribeirofernandes/myudemyrobotframeworkcourse/issues/199', 'repository_url': 'https://api.github.com/repos/mayribeirofernandes/myudemyrobotframeworkcourse', 'labels_url': 'https://api.github.com/repos/mayribeirofernandes/myudemyrobotframeworkcourse/issues/199/labels{/name}', 'comments_url': 'https://api.github.com/repos/mayribeirofernandes/myudemyrobotframeworkcourse/issues/199/comments', 'events_url': 'https://api.github.com/repos/mayribeirofernandes/myudemyrobotframeworkcourse/issues/199/events', 'html_url': 'https://github.com/mayribeirofernandes/myudemyrobotframeworkcourse/issues/199', 'id': 1623372915, 'node_id': 'I_kwDODPWc7s5gwrRz', 'number': 199, 'title': 'Teste de criar Issue via API do GitHub by [gestoremacao@gmail.com]', 'user': {'login': 'duuf4', 'id': 42935263, 'node_id': 'MDQ6VXNlcjQyOTM1MjYz', 'avatar_url': 'https://avatars.githubusercontent.com/u/42935263?v=4', 'gravatar_id': '', 'url': 'https://api.github.com/users/duuf4', 'html_url': 'https://github.com/duuf4', 'followers_url': 'https://api.github.com/users/duuf4/followers', 'following_url': 'https://api.github.com/users/duuf4/following{/other_user}', 'gists_url': 'https://api.github.com/users/duuf4/gists{/gist_id}', 'starred_url': 'https://api.github.com/users/duuf4/starred{/owner}{/repo}', 'subscriptions_url': 'https://api.github.com/users/duuf4/subscriptions', 'organizations_url': 'https://api.github.com/users/duuf4/orgs', 'repos_url': 'https://api.github.com/users/duuf4/repos', 'events_url': 'https://api.github.com/users/duuf4/events{/privacy}', 'received_events_url': 'https://api.github.com/users/duuf4/received_events', 'type': 'User', 'site_admin': False}, 'labels': [], 'state': 'open', 'locked': False, 'assignee': None, 'assignees': [], 'milestone': None, 'comments': 0, 'created_at': '2023-03-14T12:23:13Z', 'updated_at': '2023-03-14T12:23:13Z', 'closed_at': None, 'author_association': 'NONE', 'active_lock_reason': None, 'body': 'gestoremacao@gmail.com criou essa Issue via API do GitHub nos testes com Robot Framework!', 'reactions': {'url': 'https://api.github.com/repos/mayribeirofernandes/myudemyrobotframeworkcourse/issues/199/reactions', 'total_count': 0, '+1': 0, '-1': 0, 'laugh': 0, 'hooray': 0, 'confused': 0, 'heart': 0, 'rocket': 0, 'eyes': 0}, 'timeline_url': 'https://api.github.com/repos/mayribeirofernandes/myudemyrobotframeworkcourse/issues/199/timeline', 'performed_via_github_app': None, 'state_reason': None}, {'url': 'https://api.github.com/repos/mayribeirofernandes/myudemyrobotframeworkcourse/issues/198', 'repository_url': 'https://api.github.com/repos/mayribeirofernandes/myudemyrobotframeworkcourse', 'labels_url': 'https://api.github.com/repos/mayribeirofernandes/myudemyrobotframeworkcourse/issues/198/labels{/name}', 'comments_url': 'https://api.github.com/repos/mayribeirofernandes/myudemyrobotframeworkcourse/issues/198/comments', 'events_url': 'https://api.github.com/repos/mayribeirofernandes/myudemyrobotframeworkcourse/issues/198/events', 'html_url': 'https://github.com/mayribeirofernandes/myudemyrobotframeworkcourse/issues/198', 'id': 1623370638, 'node_id': 'I_kwDODPWc7s5gwquO', 'number': 198, 'title': 'Teste de criar Issue via API do GitHub by [gestoremacao@gmail.com]', 'user': {'login': 'duuf4', 'id': 42935263, 'node_id': 'MDQ6VXNlcjQyOTM1MjYz', 'avatar_url': 'https://avatars.githubusercontent.com/u/42935263?v=4', 'gravatar_id': '', 'url': 'https://api.github.com/users/duuf4', 'html_url': 'https://github.com/duuf4', 'followers_url': 'https://api.github.com/users/duuf4/followers', 'following_url': 'https://api.github.com/users/duuf4/following{/other_user}', 'gists_url': 'https://api.github.com/users/duuf4/gists{/gist_id}', 'starred_url': 'https://api.github.com/users/duuf4/starred{/owner}{/repo}', 'subscriptions_url': 'https://api.github.com/users/duuf4/subscriptions', 'organizations_url': 'https://api.github.com/users/duuf4/orgs', 'repos_url': 'https://api.github.com/users/duuf4/repos', 'events_url': 'https://api.github.com/users/duuf4/events{/privacy}', 'received_events_url': 'https://api.github.com/users/duuf4/received_events', 'type': 'User', 'site_admin': False}, 'labels': [], 'state': 'open', 'locked': False, 'assignee': None, 'assignees': [], 'milestone': None, 'comments': 0, 'created_at': '2023-03-14T12:21:37Z', 'updated_at': '2023-03-14T12:21:37Z', 'closed_at': None, 'author_association': 'NONE', 'active_lock_reason': None, 'body': 'gestoremacao@gmail.com criou essa Issue via API do GitHub nos testes com Robot Framework!', 'reactions': {'url': 'https://api.github.com/repos/mayribeirofernandes/myudemyrobotframeworkcourse/issues/198/reactions', 'total_count': 0, '+1': 0, '-1': 0, 'laugh': 0, 'hooray': 0, 'confused': 0, 'heart': 0, 'rocket': 0, 'eyes': 0}, 'timeline_url': 'https://api.github.com/repos/mayribeirofernandes/myudemyrobotframeworkcourse/issues/198/timeline', 'performed_via_github_app': None, 'state_reason': None}, {'url': 'https://api.github.com/repos/mayribeirofernandes/myudemyrobotframeworkcourse/issues/197', 'repository_url': 'https://api.github.com/repos/mayribeirofernandes/myudemyrobotframeworkcourse', 'labels_url': 'https://api.github.com/repos/mayribeirofernandes/myudemyrobotframeworkcourse/issues/197/labels{/name}', 'comments_url': 'https://api.github.com/repos/mayribeirofernandes/myudemyrobotframeworkcourse/issues/197/comments', 'events_url': 'https://api.github.com/repos/mayribeirofernandes/myudemyrobotframeworkcourse/issues/197/events', 'html_url': 'https://github.com/mayribeirofernandes/myudemyrobotframeworkcourse/issues/197', 'id': 1623314546, 'node_id': 'I_kwDODPWc7s5gwdBy', 'number': 197, 'title': 'Teste de criar Issue via API do GitHub by [gestoremacao@gmail.com]', 'user': {'login': 'duuf4', 'id': 42935263, 'node_id': 'MDQ6VXNlcjQyOTM1MjYz', 'avatar_url': 'https://avatars.githubusercontent.com/u/42935263?v=4', 'gravatar_id': '', 'url': 'https://api.github.com/users/duuf4', 'html_url': 'https://github.com/duuf4', 'followers_url': 'https://api.github.com/users/duuf4/followers', 'following_url': 'https://api.github.com/users/duuf4/following{/other_user}', 'gists_url': 'https://api.github.com/users/duuf4/gists{/gist_id}', 'starred_url': 'https://api.github.com/users/duuf4/starred{/owner}{/repo}', 'subscriptions_url': 'https://api.github.com/users/duuf4/subscriptions', 'organizations_url': 'https://api.github.com/users/duuf4/orgs', 'repos_url': 'https://api.github.com/users/duuf4/repos', 'events_url': 'https://api.github.com/users/duuf4/events{/privacy}', 'received_events_url': 'https://api.github.com/users/duuf4/received_events', 'type': 'User', 'site_admin': False}, 'labels': [], 'state': 'open', 'locked': False, 'assignee': None, 'assignees': [], 'milestone': None, 'comments': 0, 'created_at': '2023-03-14T11:49:55Z', 'updated_at': '2023-03-14T11:49:55Z', 'closed_at': None, 'author_association': 'NONE', 'active_lock_reason': None, 'body': 'gestoremacao@gmail.com criou essa Issue via API do GitHub nos testes com Robot Framework!', 'reactions': {'url': 'https://api.github.com/repos/mayribeirofernandes/myudemyrobotframeworkcourse/issues/197/reactions', 'total_count': 0, '+1': 0, '-1': 0, 'laugh': 0, 'hooray': 0, 'confused': 0, 'heart': 0, 'rocket': 0, 'eyes': 0}, 'timeline_url': 'https://api.github.com/repos/mayribeirofernandes/myudemyrobotframeworkcourse/issues/197/timeline', 'performed_via_github_app': None, 'state_reason': None}, {'url': 'https://api.github.com/repos/mayribeirofernandes/myudemyrobotframeworkcourse/issues/8', 'repository_url': 'https://api.github.com/repos/mayribeirofernandes/myudemyrobotframeworkcourse', 'labels_url': 'https://api.github.com/repos/mayribeirofernandes/myudemyrobotframeworkcourse/issues/8/labels{/name}', 'comments_url': 'https://api.github.com/repos/mayribeirofernandes/myudemyrobotframeworkcourse/issues/8/comments', 'events_url': 'https://api.github.com/repos/mayribeirofernandes/myudemyrobotframeworkcourse/issues/8/events', 'html_url': 'https://github.com/mayribeirofernandes/myudemyrobotframeworkcourse/issues/8', 'id': 514092805, 'node_id': 'MDU6SXNzdWU1MTQwOTI4MDU=', 'number': 8, 'title': 'Teste Issue que aceita muitos Reactions', 'user': {'login': 'mayribeirofernandes', 'id': 26631940, 'node_id': 'MDQ6VXNlcjI2NjMxOTQw', 'avatar_url': 'https://avatars.githubusercontent.com/u/26631940?v=4', 'gravatar_id': '', 'url': 'https://api.github.com/users/mayribeirofernandes', 'html_url': 'https://github.com/mayribeirofernandes', 'followers_url': 'https://api.github.com/users/mayribeirofernandes/followers', 'following_url': 'https://api.github.com/users/mayribeirofernandes/following{/other_user}', 'gists_url': 'https://api.github.com/users/mayribeirofernandes/gists{/gist_id}', 'starred_url': 'https://api.github.com/users/mayribeirofernandes/starred{/owner}{/repo}', 'subscriptions_url': 'https://api.github.com/users/mayribeirofernandes/subscriptions', 'organizations_url': 'https://api.github.com/users/mayribeirofernandes/orgs', 'repos_url': 'https://api.github.com/users/mayribeirofernandes/repos', 'events_url': 'https://api.github.com/users/mayribeirofernandes/events{/privacy}', 'received_events_url': 'https://api.github.com/users/mayribeirofernandes/received_events', 'type': 'User', 'site_admin': False}, 'labels': [{'id': 1637187945, 'node_id': 'MDU6TGFiZWwxNjM3MTg3OTQ1', 'url': 'https://api.github.com/repos/mayribeirofernandes/myudemyrobotframeworkcourse/labels/bug', 'name': 'bug', 'color': 'd73a4a', 'default': True, 'description': "Something isn't working"}], 'state': 'open', 'locked': False, 'assignee': None, 'assignees': [], 'milestone': None, 'comments': 21, 'created_at': '2019-10-29T17:26:46Z', 'updated_at': '2023-02-20T12:44:14Z', 'closed_at': None, 'author_association': 'OWNER', 'active_lock_reason': None, 'body': 'Vamos lá, deixem seus **_reactions_** usando a API do GitHub pelo Robot Framework!!', 'reactions': {'url': 'https://api.github.com/repos/mayribeirofernandes/myudemyrobotframeworkcourse/issues/8/reactions', 'total_count': 107, '+1': 49, '-1': 0, 'laugh': 4, 'hooray': 7, 'confused': 2, 'heart': 16, 'rocket': 16, 'eyes': 13}, 'timeline_url': 'https://api.github.com/repos/mayribeirofernandes/myudemyrobotframeworkcourse/issues/8/timeline', 'performed_via_github_app': None, 'state_reason': None}, {'url': 'https://api.github.com/repos/mayribeirofernandes/myudemyrobotframeworkcourse/issues/196', 'repository_url': 'https://api.github.com/repos/mayribeirofernandes/myudemyrobotframeworkcourse', 'labels_url': 'https://api.github.com/repos/mayribeirofernandes/myudemyrobotframeworkcourse/issues/196/labels{/name}', 'comments_url': 'https://api.github.com/repos/mayribeirofernandes/myudemyrobotframeworkcourse/issues/196/comments', 'events_url': 'https://api.github.com/repos/mayribeirofernandes/myudemyrobotframeworkcourse/issues/196/events', 'html_url': 'https://github.com/mayribeirofernandes/myudemyrobotframeworkcourse/issues/196', 'id': 1591634764, 'node_id': 'I_kwDODPWc7s5e3mtM', 'number': 196, 'title': 'Teste de criar Issue via API do GitHub by [maria-gyant]', 'user': {'login': 'maria-gyant', 'id': 120020939, 'node_id': 'U_kgDOBydfyw', 'avatar_url': 'https://avatars.githubusercontent.com/u/120020939?v=4', 'gravatar_id': '', 'url': 'https://api.github.com/users/maria-gyant', 'html_url': 'https://github.com/maria-gyant', 'followers_url': 'https://api.github.com/users/maria-gyant/followers', 'following_url': 'https://api.github.com/users/maria-gyant/following{/other_user}', 'gists_url': 'https://api.github.com/users/maria-gyant/gists{/gist_id}', 'starred_url': 'https://api.github.com/users/maria-gyant/starred{/owner}{/repo}', 'subscriptions_url': 'https://api.github.com/users/maria-gyant/subscriptions', 'organizations_url': 'https://api.github.com/users/maria-gyant/orgs', 'repos_url': 'https://api.github.com/users/maria-gyant/repos', 'events_url': 'https://api.github.com/users/maria-gyant/events{/privacy}', 'received_events_url': 'https://api.github.com/users/maria-gyant/received_events', 'type': 'User', 'site_admin': False}, 'labels': [], 'state': 'open', 'locked': False, 'assignee': None, 'assignees': [], 'milestone': None, 'comments': 0, 'created_at': '2023-02-20T11:10:28Z', 'updated_at': '2023-02-20T11:10:28Z', 'closed_at': None, 'author_association': 'NONE', 'active_lock_reason': None, 'body': 'maria-gyant criou essa Issue via API do GitHub nos testes com Robot Framework!', 'reactions': {'url': 'https://api.github.com/repos/mayribeirofernandes/myudemyrobotframeworkcourse/issues/196/reactions', 'total_count': 0, '+1': 0, '-1': 0, 'laugh': 0, 'hooray': 0, 'confused': 0, 'heart': 0, 'rocket': 0, 'eyes': 0}, 'timeline_url': 'https://api.github.com/repos/mayribeirofernandes/myudemyrobotframeworkcourse/issues/196/timeline', 'performed_via_github_app': None, 'state_reason': None}, {'url': 'https://api.github.com/repos/mayribeirofernandes/myudemyrobotframeworkcourse/issues/194', 'repository_url': 'https://api.github.com/repos/mayribeirofernandes/myudemyrobotframeworkcourse', 'labels_url': 'https://api.github.com/repos/mayribeirofernandes/myudemyrobotframeworkcourse/issues/194/labels{/name}', 'comments_url': 'https://api.github.com/repos/mayribeirofernandes/myudemyrobotframeworkcourse/issues/194/comments', 'events_url': 'https://api.github.com/repos/mayribeirofernandes/myudemyrobotframeworkcourse/issues/194/events', 'html_url': 'https://github.com/mayribeirofernandes/myudemyrobotframeworkcourse/issues/194', 'id': 1485176843, 'node_id': 'I_kwDODPWc7s5YhgAL', 'number': 194, 'title': 'TESTE ROBOT', 'user': {'login': 'fvictoor', 'id': 76711024, 'node_id': 'MDQ6VXNlcjc2NzExMDI0', 'avatar_url': 'https://avatars.githubusercontent.com/u/76711024?v=4', 'gravatar_id': '', 'url': 'https://api.github.com/users/fvictoor', 'html_url': 'https://github.com/fvictoor', 'followers_url': 'https://api.github.com/users/fvictoor/followers', 'following_url': 'https://api.github.com/users/fvictoor/following{/other_user}', 'gists_url': 'https://api.github.com/users/fvictoor/gists{/gist_id}', 'starred_url': 'https://api.github.com/users/fvictoor/starred{/owner}{/repo}', 'subscriptions_url': 'https://api.github.com/users/fvictoor/subscriptions', 'organizations_url': 'https://api.github.com/users/fvictoor/orgs', 'repos_url': 'https://api.github.com/users/fvictoor/repos', 'events_url': 'https://api.github.com/users/fvictoor/events{/privacy}', 'received_events_url': 'https://api.github.com/users/fvictoor/received_events', 'type': 'User', 'site_admin': False}, 'labels': [], 'state': 'open', 'locked': False, 'assignee': None, 'assignees': [], 'milestone': None, 'comments': 0, 'created_at': '2022-12-08T18:20:39Z', 'updated_at': '2022-12-08T18:20:39Z', 'closed_at': None, 'author_association': 'NONE', 'active_lock_reason': None, 'body': None, 'reactions': {'url': 'https://api.github.com/repos/mayribeirofernandes/myudemyrobotframeworkcourse/issues/194/reactions', 'total_count': 2, '+1': 1, '-1': 0, 'laugh': 0, 'hooray': 0, 'confused': 0, 'heart': 0, 'rocket': 0, 'eyes': 1}, 'timeline_url': 'https://api.github.com/repos/mayribeirofernandes/myudemyrobotframeworkcourse/issues/194/timeline', 'performed_via_github_app': None, 'state_reason': None}, {'url': 'https://api.github.com/repos/mayribeirofernandes/myudemyrobotframeworkcourse/issues/193', 'repository_url': 'https://api.github.com/repos/mayribeirofernandes/myudemyrobotframeworkcourse', 'labels_url': 'https://api.github.com/repos/mayribeirofernandes/myudemyrobotframeworkcourse/issues/193/labels{/name}', 'comments_url': 'https://api.github.com/repos/mayribeirofernandes/myudemyrobotframeworkcourse/issues/193/comments', 'events_url': 'https://api.github.com/repos/mayribeirofernandes/myudemyrobotframeworkcourse/issues/193/events', 'html_url': 'https://github.com/mayribeirofernandes/myudemyrobotframeworkcourse/issues/193', 'id': 1468555319, 'node_id': 'I_kwDODPWc7s5XiGA3', 'number': 193, 'title': 'Teste de criar Issue via API do GitHub by [alexandredepaula]', 'user': {'login': 'alexandredepaula', 'id': 44452373, 'node_id': 'MDQ6VXNlcjQ0NDUyMzcz', 'avatar_url': 'https://avatars.githubusercontent.com/u/44452373?v=4', 'gravatar_id': '', 'url': 'https://api.github.com/users/alexandredepaula', 'html_url': 'https://github.com/alexandredepaula', 'followers_url': 'https://api.github.com/users/alexandredepaula/followers', 'following_url': 'https://api.github.com/users/alexandredepaula/following{/other_user}', 'gists_url': 'https://api.github.com/users/alexandredepaula/gists{/gist_id}', 'starred_url': 'https://api.github.com/users/alexandredepaula/starred{/owner}{/repo}', 'subscriptions_url': 'https://api.github.com/users/alexandredepaula/subscriptions', 'organizations_url': 'https://api.github.com/users/alexandredepaula/orgs', 'repos_url': 'https://api.github.com/users/alexandredepaula/repos', 'events_url': 'https://api.github.com/users/alexandredepaula/events{/privacy}', 'received_events_url': 'https://api.github.com/users/alexandredepaula/received_events', 'type': 'User', 'site_admin': False}, 'labels': [], 'state': 'open', 'locked': False, 'assignee': None, 'assignees': [], 'milestone': None, 'comments': 0, 'created_at': '2022-11-29T18:58:44Z', 'updated_at': '2022-11-29T18:58:44Z', 'closed_at': None, 'author_association': 'NONE', 'active_lock_reason': None, 'body': 'alexandredepaula criou essa Issue via API do GitHub nos testes com Robot Framework!', 'reactions': {'url': 'https://api.github.com/repos/mayribeirofernandes/myudemyrobotframeworkcourse/issues/193/reactions', 'total_count': 0, '+1': 0, '-1': 0, 'laugh': 0, 'hooray': 0, 'confused': 0, 'heart': 0, 'rocket': 0, 'eyes': 0}, 'timeline_url': 'https://api.github.com/repos/mayribeirofernandes/myudemyrobotframeworkcourse/issues/193/timeline', 'performed_via_github_app': None, 'state_reason': None}, {'url': 'https://api.github.com/repos/mayribeirofernandes/myudemyrobotframeworkcourse/issues/192', 'repository_url': 'https://api.github.com/repos/mayribeirofernandes/myudemyrobotframeworkcourse', 'labels_url': 'https://api.github.com/repos/mayribeirofernandes/myudemyrobotframeworkcourse/issues/192/labels{/name}', 'comments_url': 'https://api.github.com/repos/mayribeirofernandes/myudemyrobotframeworkcourse/issues/192/comments', 'events_url': 'https://api.github.com/repos/mayribeirofernandes/myudemyrobotframeworkcourse/issues/192/events', 'html_url': 'https://github.com/mayribeirofernandes/myudemyrobotframeworkcourse/issues/192', 'id': 1373551702, 'node_id': 'I_kwDODPWc7s5R3rxW', 'number': 192, 'title': 'Found a bug', 'user': {'login': 'rafaelbcsilva', 'id': 36670256, 'node_id': 'MDQ6VXNlcjM2NjcwMjU2', 'avatar_url': 'https://avatars.githubusercontent.com/u/36670256?v=4', 'gravatar_id': '', 'url': 'https://api.github.com/users/rafaelbcsilva', 'html_url': 'https://github.com/rafaelbcsilva', 'followers_url': 'https://api.github.com/users/rafaelbcsilva/followers', 'following_url': 'https://api.github.com/users/rafaelbcsilva/following{/other_user}', 'gists_url': 'https://api.github.com/users/rafaelbcsilva/gists{/gist_id}', 'starred_url': 'https://api.github.com/users/rafaelbcsilva/starred{/owner}{/repo}', 'subscriptions_url': 'https://api.github.com/users/rafaelbcsilva/subscriptions', 'organizations_url': 'https://api.github.com/users/rafaelbcsilva/orgs', 'repos_url': 'https://api.github.com/users/rafaelbcsilva/repos', 'events_url': 'https://api.github.com/users/rafaelbcsilva/events{/privacy}', 'received_events_url': 'https://api.github.com/users/rafaelbcsilva/received_events', 'type': 'User', 'site_admin': False}, 'labels': [], 'state': 'open', 'locked': False, 'assignee': None, 'assignees': [], 'milestone': None, 'comments': 0, 'created_at': '2022-09-14T20:33:12Z', 'updated_at': '2022-09-14T20:33:12Z', 'closed_at': None, 'author_association': 'NONE', 'active_lock_reason': None, 'body': 'Não está inserindo assignees nem os labels.', 'reactions': {'url': 'https://api.github.com/repos/mayribeirofernandes/myudemyrobotframeworkcourse/issues/192/reactions', 'total_count': 0, '+1': 0, '-1': 0, 'laugh': 0, 'hooray': 0, 'confused': 0, 'heart': 0, 'rocket': 0, 'eyes': 0}, 'timeline_url': 'https://api.github.com/repos/mayribeirofernandes/myudemyrobotframeworkcourse/issues/192/timeline', 'performed_via_github_app': None, 'state_reason': None}, {'url': 'https://api.github.com/repos/mayribeirofernandes/myudemyrobotframeworkcourse/issues/191', 'repository_url': 'https://api.github.com/repos/mayribeirofernandes/myudemyrobotframeworkcourse', 'labels_url': 'https://api.github.com/repos/mayribeirofernandes/myudemyrobotframeworkcourse/issues/191/labels{/name}', 'comments_url': 'https://api.github.com/repos/mayribeirofernandes/myudemyrobotframeworkcourse/issues/191/comments', 'events_url': 'https://api.github.com/repos/mayribeirofernandes/myudemyrobotframeworkcourse/issues/191/events', 'html_url': 'https://github.com/mayribeirofernandes/myudemyrobotframeworkcourse/issues/191', 'id': 1373548915, 'node_id': 'I_kwDODPWc7s5R3rFz', 'number': 191, 'title': 'Teste de criar Issue via API do GitHub by [rafaelbcsilva]', 'user': {'login': 'rafaelbcsilva', 'id': 36670256, 'node_id': 'MDQ6VXNlcjM2NjcwMjU2', 'avatar_url': 'https://avatars.githubusercontent.com/u/36670256?v=4', 'gravatar_id': '', 'url': 'https://api.github.com/users/rafaelbcsilva', 'html_url': 'https://github.com/rafaelbcsilva', 'followers_url': 'https://api.github.com/users/rafaelbcsilva/followers', 'following_url': 'https://api.github.com/users/rafaelbcsilva/following{/other_user}', 'gists_url': 'https://api.github.com/users/rafaelbcsilva/gists{/gist_id}', 'starred_url': 'https://api.github.com/users/rafaelbcsilva/starred{/owner}{/repo}', 'subscriptions_url': 'https://api.github.com/users/rafaelbcsilva/subscriptions', 'organizations_url': 'https://api.github.com/users/rafaelbcsilva/orgs', 'repos_url': 'https://api.github.com/users/rafaelbcsilva/repos', 'events_url': 'https://api.github.com/users/rafaelbcsilva/events{/privacy}', 'received_events_url': 'https://api.github.com/users/rafaelbcsilva/received_events', 'type': 'User', 'site_admin': False}, 'labels': [], 'state': 'open', 'locked': False, 'assignee': None, 'assignees': [], 'milestone': None, 'comments': 0, 'created_at': '2022-09-14T20:30:37Z', 'updated_at': '2022-09-14T20:30:37Z', 'closed_at': None, 'author_association': 'NONE', 'active_lock_reason': None, 'body': 'rafaelbcsilva criou essa Issue via API do GitHub nos testes com Robot Framework!', 'reactions': {'url': 'https://api.github.com/repos/mayribeirofernandes/myudemyrobotframeworkcourse/issues/191/reactions', 'total_count': 0, '+1': 0, '-1': 0, 'laugh': 0, 'hooray': 0, 'confused': 0, 'heart': 0, 'rocket': 0, 'eyes': 0}, 'timeline_url': 'https://api.github.com/repos/mayribeirofernandes/myudemyrobotframeworkcourse/issues/191/timeline', 'performed_via_github_app': None, 'state_reason': None}, {'url': 'https://api.github.com/repos/mayribeirofernandes/myudemyrobotframeworkcourse/issues/190', 'repository_url': 'https://api.github.com/repos/mayribeirofernandes/myudemyrobotframeworkcourse', 'labels_url': 'https://api.github.com/repos/mayribeirofernandes/myudemyrobotframeworkcourse/issues/190/labels{/name}', 'comments_url': 'https://api.github.com/repos/mayribeirofernandes/myudemyrobotframeworkcourse/issues/190/comments', 'events_url': 'https://api.github.com/repos/mayribeirofernandes/myudemyrobotframeworkcourse/issues/190/events', 'html_url': 'https://github.com/mayribeirofernandes/myudemyrobotframeworkcourse/issues/190', 'id': 1373541148, 'node_id': 'I_kwDODPWc7s5R3pMc', 'number': 190, 'title': 'Found a bug', 'user': {'login': 'rafaelbcsilva', 'id': 36670256, 'node_id': 'MDQ6VXNlcjM2NjcwMjU2', 'avatar_url': 'https://avatars.githubusercontent.com/u/36670256?v=4', 'gravatar_id': '', 'url': 'https://api.github.com/users/rafaelbcsilva', 'html_url': 'https://github.com/rafaelbcsilva', 'followers_url': 'https://api.github.com/users/rafaelbcsilva/followers', 'following_url': 'https://api.github.com/users/rafaelbcsilva/following{/other_user}', 'gists_url': 'https://api.github.com/users/rafaelbcsilva/gists{/gist_id}', 'starred_url': 'https://api.github.com/users/rafaelbcsilva/starred{/owner}{/repo}', 'subscriptions_url': 'https://api.github.com/users/rafaelbcsilva/subscriptions', 'organizations_url': 'https://api.github.com/users/rafaelbcsilva/orgs', 'repos_url': 'https://api.github.com/users/rafaelbcsilva/repos', 'events_url': 'https://api.github.com/users/rafaelbcsilva/events{/privacy}', 'received_events_url': 'https://api.github.com/users/rafaelbcsilva/received_events', 'type': 'User', 'site_admin': False}, 'labels': [], 'state': 'open', 'locked': False, 'assignee': None, 'assignees': [], 'milestone': None, 'comments': 0, 'created_at': '2022-09-14T20:23:53Z', 'updated_at': '2022-09-14T20:23:53Z', 'closed_at': None, 'author_association': 'NONE', 'active_lock_reason': None, 'body': "I'm having a problem with this.", 'reactions': {'url': 'https://api.github.com/repos/mayribeirofernandes/myudemyrobotframeworkcourse/issues/190/reactions', 'total_count': 0, '+1': 0, '-1': 0, 'laugh': 0, 'hooray': 0, 'confused': 0, 'heart': 0, 'rocket': 0, 'eyes': 0}, 'timeline_url': 'https://api.github.com/repos/mayribeirofernandes/myudemyrobotframeworkcourse/issues/190/timeline', 'performed_via_github_app': None, 'state_reason': None}, {'url': 'https://api.github.com/repos/mayribeirofernandes/myudemyrobotframeworkcourse/issues/189', 'repository_url': 'https://api.github.com/repos/mayribeirofernandes/myudemyrobotframeworkcourse', 'labels_url': 'https://api.github.com/repos/mayribeirofernandes/myudemyrobotframeworkcourse/issues/189/labels{/name}', 'comments_url': 'https://api.github.com/repos/mayribeirofernandes/myudemyrobotframeworkcourse/issues/189/comments', 'events_url': 'https://api.github.com/repos/mayribeirofernandes/myudemyrobotframeworkcourse/issues/189/events', 'html_url': 'https://github.com/mayribeirofernandes/myudemyrobotframeworkcourse/issues/189', 'id': 1373540002, 'node_id': 'I_kwDODPWc7s5R3o6i', 'number': 189, 'title': 'Found a bug', 'user': {'login': 'rafaelbcsilva', 'id': 36670256, 'node_id': 'MDQ6VXNlcjM2NjcwMjU2', 'avatar_url': 'https://avatars.githubusercontent.com/u/36670256?v=4', 'gravatar_id': '', 'url': 'https://api.github.com/users/rafaelbcsilva', 'html_url': 'https://github.com/rafaelbcsilva', 'followers_url': 'https://api.github.com/users/rafaelbcsilva/followers', 'following_url': 'https://api.github.com/users/rafaelbcsilva/following{/other_user}', 'gists_url': 'https://api.github.com/users/rafaelbcsilva/gists{/gist_id}', 'starred_url': 'https://api.github.com/users/rafaelbcsilva/starred{/owner}{/repo}', 'subscriptions_url': 'https://api.github.com/users/rafaelbcsilva/subscriptions', 'organizations_url': 'https://api.github.com/users/rafaelbcsilva/orgs', 'repos_url': 'https://api.github.com/users/rafaelbcsilva/repos', 'events_url': 'https://api.github.com/users/rafaelbcsilva/events{/privacy}', 'received_events_url': 'https://api.github.com/users/rafaelbcsilva/received_events', 'type': 'User', 'site_admin': False}, 'labels': [], 'state': 'open', 'locked': False, 'assignee': None, 'assignees': [], 'milestone': None, 'comments': 0, 'created_at': '2022-09-14T20:22:42Z', 'updated_at': '2022-09-14T20:22:42Z', 'closed_at': None, 'author_association': 'NONE', 'active_lock_reason': None, 'body': "I'm having a problem with this.", 'reactions': {'url': 'https://api.github.com/repos/mayribeirofernandes/myudemyrobotframeworkcourse/issues/189/reactions', 'total_count': 0, '+1': 0, '-1': 0, 'laugh': 0, 'hooray': 0, 'confused': 0, 'heart': 0, 'rocket': 0, 'eyes': 0}, 'timeline_url': 'https://api.github.com/repos/mayribeirofernandes/myudemyrobotframeworkcourse/issues/189/timeline', 'performed_via_github_app': None, 'state_reason': None}, {'url': 'https://api.github.com/repos/mayribeirofernandes/myudemyrobotframeworkcourse/issues/188', 'repository_url': 'https://api.github.com/repos/mayribeirofernandes/myudemyrobotframeworkcourse', 'labels_url': 'https://api.github.com/repos/mayribeirofernandes/myudemyrobotframeworkcourse/issues/188/labels{/name}', 'comments_url': 'https://api.github.com/repos/mayribeirofernandes/myudemyrobotframeworkcourse/issues/188/comments', 'events_url': 'https://api.github.com/repos/mayribeirofernandes/myudemyrobotframeworkcourse/issues/188/events', 'html_url': 'https://github.com/mayribeirofernandes/myudemyrobotframeworkcourse/issues/188', 'id': 1373521797, 'node_id': 'I_kwDODPWc7s5R3keF', 'number': 188, 'title': 'Found a bug', 'user': {'login': 'rafaelbcsilva', 'id': 36670256, 'node_id': 'MDQ6VXNlcjM2NjcwMjU2', 'avatar_url': 'https://avatars.githubusercontent.com/u/36670256?v=4', 'gravatar_id': '', 'url': 'https://api.github.com/users/rafaelbcsilva', 'html_url': 'https://github.com/rafaelbcsilva', 'followers_url': 'https://api.github.com/users/rafaelbcsilva/followers', 'following_url': 'https://api.github.com/users/rafaelbcsilva/following{/other_user}', 'gists_url': 'https://api.github.com/users/rafaelbcsilva/gists{/gist_id}', 'starred_url': 'https://api.github.com/users/rafaelbcsilva/starred{/owner}{/repo}', 'subscriptions_url': 'https://api.github.com/users/rafaelbcsilva/subscriptions', 'organizations_url': 'https://api.github.com/users/rafaelbcsilva/orgs', 'repos_url': 'https://api.github.com/users/rafaelbcsilva/repos', 'events_url': 'https://api.github.com/users/rafaelbcsilva/events{/privacy}', 'received_events_url': 'https://api.github.com/users/rafaelbcsilva/received_events', 'type': 'User', 'site_admin': False}, 'labels': [], 'state': 'open', 'locked': False, 'assignee': None, 'assignees': [], 'milestone': None, 'comments': 0, 'created_at': '2022-09-14T20:05:23Z', 'updated_at': '2022-09-14T20:05:23Z', 'closed_at': None, 'author_association': 'NONE', 'active_lock_reason': None, 'body': "I'm having a problem with this.", 'reactions': {'url': 'https://api.github.com/repos/mayribeirofernandes/myudemyrobotframeworkcourse/issues/188/reactions', 'total_count': 0, '+1': 0, '-1': 0, 'laugh': 0, 'hooray': 0, 'confused': 0, 'heart': 0, 'rocket': 0, 'eyes': 0}, 'timeline_url': 'https://api.github.com/repos/mayribeirofernandes/myudemyrobotframeworkcourse/issues/188/timeline', 'performed_via_github_app': None, 'state_reason': None}, {'url': 'https://api.github.com/repos/mayribeirofernandes/myudemyrobotframeworkcourse/issues/187', 'repository_url': 'https://api.github.com/repos/mayribeirofernandes/myudemyrobotframeworkcourse', 'labels_url': 'https://api.github.com/repos/mayribeirofernandes/myudemyrobotframeworkcourse/issues/187/labels{/name}', 'comments_url': 'https://api.github.com/repos/mayribeirofernandes/myudemyrobotframeworkcourse/issues/187/comments', 'events_url': 'https://api.github.com/repos/mayribeirofernandes/myudemyrobotframeworkcourse/issues/187/events', 'html_url': 'https://github.com/mayribeirofernandes/myudemyrobotframeworkcourse/issues/187', 'id': 1325153666, 'node_id': 'I_kwDODPWc7s5O_D2C', 'number': 187, 'title': 'Teste de criar Issue via API do GitHub by [roblu10]', 'user': {'login': 'roblu10', 'id': 9615711, 'node_id': 'MDQ6VXNlcjk2MTU3MTE=', 'avatar_url': 'https://avatars.githubusercontent.com/u/9615711?v=4', 'gravatar_id': '', 'url': 'https://api.github.com/users/roblu10', 'html_url': 'https://github.com/roblu10', 'followers_url': 'https://api.github.com/users/roblu10/followers', 'following_url': 'https://api.github.com/users/roblu10/following{/other_user}', 'gists_url': 'https://api.github.com/users/roblu10/gists{/gist_id}', 'starred_url': 'https://api.github.com/users/roblu10/starred{/owner}{/repo}', 'subscriptions_url': 'https://api.github.com/users/roblu10/subscriptions', 'organizations_url': 'https://api.github.com/users/roblu10/orgs', 'repos_url': 'https://api.github.com/users/roblu10/repos', 'events_url': 'https://api.github.com/users/roblu10/events{/privacy}', 'received_events_url': 'https://api.github.com/users/roblu10/received_events', 'type': 'User', 'site_admin': False}, 'labels': [], 'state': 'open', 'locked': False, 'assignee': None, 'assignees': [], 'milestone': None, 'comments': 0, 'created_at': '2022-08-02T01:04:18Z', 'updated_at': '2022-08-02T01:04:18Z', 'closed_at': None, 'author_association': 'NONE', 'active_lock_reason': None, 'body': 'roblu10 criou essa Issue via API do GitHub nos testes com Robot Framework!', 'reactions': {'url': 'https://api.github.com/repos/mayribeirofernandes/myudemyrobotframeworkcourse/issues/187/reactions', 'total_count': 0, '+1': 0, '-1': 0, 'laugh': 0, 'hooray': 0, 'confused': 0, 'heart': 0, 'rocket': 0, 'eyes': 0}, 'timeline_url': 'https://api.github.com/repos/mayribeirofernandes/myudemyrobotframeworkcourse/issues/187/timeline', 'performed_via_github_app': None, 'state_reason': None}, {'url': 'https://api.github.com/repos/mayribeirofernandes/myudemyrobotframeworkcourse/issues/186', 'repository_url': 'https://api.github.com/repos/mayribeirofernandes/myudemyrobotframeworkcourse', 'labels_url': 'https://api.github.com/repos/mayribeirofernandes/myudemyrobotframeworkcourse/issues/186/labels{/name}', 'comments_url': 'https://api.github.com/repos/mayribeirofernandes/myudemyrobotframeworkcourse/issues/186/comments', 'events_url': 'https://api.github.com/repos/mayribeirofernandes/myudemyrobotframeworkcourse/issues/186/events', 'html_url': 'https://github.com/mayribeirofernandes/myudemyrobotframeworkcourse/issues/186', 'id': 1325152926, 'node_id': 'I_kwDODPWc7s5O_Dqe', 'number': 186, 'title': 'Teste de criar Issue via API do GitHub by [roblu10]', 'user': {'login': 'roblu10', 'id': 9615711, 'node_id': 'MDQ6VXNlcjk2MTU3MTE=', 'avatar_url': 'https://avatars.githubusercontent.com/u/9615711?v=4', 'gravatar_id': '', 'url': 'https://api.github.com/users/roblu10', 'html_url': 'https://github.com/roblu10', 'followers_url': 'https://api.github.com/users/roblu10/followers', 'following_url': 'https://api.github.com/users/roblu10/following{/other_user}', 'gists_url': 'https://api.github.com/users/roblu10/gists{/gist_id}', 'starred_url': 'https://api.github.com/users/roblu10/starred{/owner}{/repo}', 'subscriptions_url': 'https://api.github.com/users/roblu10/subscriptions', 'organizations_url': 'https://api.github.com/users/roblu10/orgs', 'repos_url': 'https://api.github.com/users/roblu10/repos', 'events_url': 'https://api.github.com/users/roblu10/events{/privacy}', 'received_events_url': 'https://api.github.com/users/roblu10/received_events', 'type': 'User', 'site_admin': False}, 'labels': [], 'state': 'open', 'locked': False, 'assignee': None, 'assignees': [], 'milestone': None, 'comments': 0, 'created_at': '2022-08-02T01:03:14Z', 'updated_at': '2022-08-02T01:03:14Z', 'closed_at': None, 'author_association': 'NONE', 'active_lock_reason': None, 'body': 'roblu10 criou essa Issue via API do GitHub nos testes com Robot Framework!', 'reactions': {'url': 'https://api.github.com/repos/mayribeirofernandes/myudemyrobotframeworkcourse/issues/186/reactions', 'total_count': 0, '+1': 0, '-1': 0, 'laugh': 0, 'hooray': 0, 'confused': 0, 'heart': 0, 'rocket': 0, 'eyes': 0}, 'timeline_url': 'https://api.github.com/repos/mayribeirofernandes/myudemyrobotframeworkcourse/issues/186/timeline', 'performed_via_github_app': None, 'state_reason': None}, {'url': 'https://api.github.com/repos/mayribeirofernandes/myudemyrobotframeworkcourse/issues/185', 'repository_url': 'https://api.github.com/repos/mayribeirofernandes/myudemyrobotframeworkcourse', 'labels_url': 'https://api.github.com/repos/mayribeirofernandes/myudemyrobotframeworkcourse/issues/185/labels{/name}', 'comments_url': 'https://api.github.com/repos/mayribeirofernandes/myudemyrobotframeworkcourse/issues/185/comments', 'events_url': 'https://api.github.com/repos/mayribeirofernandes/myudemyrobotframeworkcourse/issues/185/events', 'html_url': 'https://github.com/mayribeirofernandes/myudemyrobotframeworkcourse/issues/185', 'id': 1321212785, 'node_id': 'I_kwDODPWc7s5OwBtx', 'number': 185, 'title': 'Teste de criar Issue via API do GitHub by [roblu10]', 'user': {'login': 'roblu10', 'id': 9615711, 'node_id': 'MDQ6VXNlcjk2MTU3MTE=', 'avatar_url': 'https://avatars.githubusercontent.com/u/9615711?v=4', 'gravatar_id': '', 'url': 'https://api.github.com/users/roblu10', 'html_url': 'https://github.com/roblu10', 'followers_url': 'https://api.github.com/users/roblu10/followers', 'following_url': 'https://api.github.com/users/roblu10/following{/other_user}', 'gists_url': 'https://api.github.com/users/roblu10/gists{/gist_id}', 'starred_url': 'https://api.github.com/users/roblu10/starred{/owner}{/repo}', 'subscriptions_url': 'https://api.github.com/users/roblu10/subscriptions', 'organizations_url': 'https://api.github.com/users/roblu10/orgs', 'repos_url': 'https://api.github.com/users/roblu10/repos', 'events_url': 'https://api.github.com/users/roblu10/events{/privacy}', 'received_events_url': 'https://api.github.com/users/roblu10/received_events', 'type': 'User', 'site_admin': False}, 'labels': [], 'state': 'open', 'locked': False, 'assignee': None, 'assignees': [], 'milestone': None, 'comments': 0, 'created_at': '2022-07-28T16:45:51Z', 'updated_at': '2022-07-28T16:45:51Z', 'closed_at': None, 'author_association': 'NONE', 'active_lock_reason': None, 'body': 'roblu10 criou essa Issue via API do GitHub nos testes com Robot Framework!', 'reactions': {'url': 'https://api.github.com/repos/mayribeirofernandes/myudemyrobotframeworkcourse/issues/185/reactions', 'total_count': 0, '+1': 0, '-1': 0, 'laugh': 0, 'hooray': 0, 'confused': 0, 'heart': 0, 'rocket': 0, 'eyes': 0}, 'timeline_url': 'https://api.github.com/repos/mayribeirofernandes/myudemyrobotframeworkcourse/issues/185/timeline', 'performed_via_github_app': None, 'state_reason': None}, {'url': 'https://api.github.com/repos/mayribeirofernandes/myudemyrobotframeworkcourse/issues/184', 'repository_url': 'https://api.github.com/repos/mayribeirofernandes/myudemyrobotframeworkcourse', 'labels_url': 'https://api.github.com/repos/mayribeirofernandes/myudemyrobotframeworkcourse/issues/184/labels{/name}', 'comments_url': 'https://api.github.com/repos/mayribeirofernandes/myudemyrobotframeworkcourse/issues/184/comments', 'events_url': 'https://api.github.com/repos/mayribeirofernandes/myudemyrobotframeworkcourse/issues/184/events', 'html_url': 'https://github.com/mayribeirofernandes/myudemyrobotframeworkcourse/issues/184', 'id': 1321205318, 'node_id': 'I_kwDODPWc7s5Ov_5G', 'number': 184, 'title': 'Teste de criar Issue via API do GitHub', 'user': {'login': 'roblu10', 'id': 9615711, 'node_id': 'MDQ6VXNlcjk2MTU3MTE=', 'avatar_url': 'https://avatars.githubusercontent.com/u/9615711?v=4', 'gravatar_id': '', 'url': 'https://api.github.com/users/roblu10', 'html_url': 'https://github.com/roblu10', 'followers_url': 'https://api.github.com/users/roblu10/followers', 'following_url': 'https://api.github.com/users/roblu10/following{/other_user}', 'gists_url': 'https://api.github.com/users/roblu10/gists{/gist_id}', 'starred_url': 'https://api.github.com/users/roblu10/starred{/owner}{/repo}', 'subscriptions_url': 'https://api.github.com/users/roblu10/subscriptions', 'organizations_url': 'https://api.github.com/users/roblu10/orgs', 'repos_url': 'https://api.github.com/users/roblu10/repos', 'events_url': 'https://api.github.com/users/roblu10/events{/privacy}', 'received_events_url': 'https://api.github.com/users/roblu10/received_events', 'type': 'User', 'site_admin': False}, 'labels': [], 'state': 'open', 'locked': False, 'assignee': None, 'assignees': [], 'milestone': None, 'comments': 0, 'created_at': '2022-07-28T16:38:26Z', 'updated_at': '2022-07-28T16:38:26Z', 'closed_at': None, 'author_association': 'NONE', 'active_lock_reason': None, 'body': 'Criei essa Issue via API do GitHub nos testes com Postman', 'reactions': {'url': 'https://api.github.com/repos/mayribeirofernandes/myudemyrobotframeworkcourse/issues/184/reactions', 'total_count': 0, '+1': 0, '-1': 0, 'laugh': 0, 'hooray': 0, 'confused': 0, 'heart': 0, 'rocket': 0, 'eyes': 0}, 'timeline_url': 'https://api.github.com/repos/mayribeirofernandes/myudemyrobotframeworkcourse/issues/184/timeline', 'performed_via_github_app': None, 'state_reason': None}, {'url': 'https://api.github.com/repos/mayribeirofernandes/myudemyrobotframeworkcourse/issues/183', 'repository_url': 'https://api.github.com/repos/mayribeirofernandes/myudemyrobotframeworkcourse', 'labels_url': 'https://api.github.com/repos/mayribeirofernandes/myudemyrobotframeworkcourse/issues/183/labels{/name}', 'comments_url': 'https://api.github.com/repos/mayribeirofernandes/myudemyrobotframeworkcourse/issues/183/comments', 'events_url': 'https://api.github.com/repos/mayribeirofernandes/myudemyrobotframeworkcourse/issues/183/events', 'html_url': 'https://github.com/mayribeirofernandes/myudemyrobotframeworkcourse/issues/183', 'id': 1311644009, 'node_id': 'I_kwDODPWc7s5OLhlp', 'number': 183, 'title': 'Teste de criar Issue via API do GitHub by [marceloamr]', 'user': {'login': 'Marceloamr', 'id': 93157464, 'node_id': 'U_kgDOBY14WA', 'avatar_url': 'https://avatars.githubusercontent.com/u/93157464?v=4', 'gravatar_id': '', 'url': 'https://api.github.com/users/Marceloamr', 'html_url': 'https://github.com/Marceloamr', 'followers_url': 'https://api.github.com/users/Marceloamr/followers', 'following_url': 'https://api.github.com/users/Marceloamr/following{/other_user}', 'gists_url': 'https://api.github.com/users/Marceloamr/gists{/gist_id}', 'starred_url': 'https://api.github.com/users/Marceloamr/starred{/owner}{/repo}', 'subscriptions_url': 'https://api.github.com/users/Marceloamr/subscriptions', 'organizations_url': 'https://api.github.com/users/Marceloamr/orgs', 'repos_url': 'https://api.github.com/users/Marceloamr/repos', 'events_url': 'https://api.github.com/users/Marceloamr/events{/privacy}', 'received_events_url': 'https://api.github.com/users/Marceloamr/received_events', 'type': 'User', 'site_admin': False}, 'labels': [], 'state': 'open', 'locked': False, 'assignee': None, 'assignees': [], 'milestone': None, 'comments': 2, 'created_at': '2022-07-20T18:17:00Z', 'updated_at': '2022-07-20T20:01:32Z', 'closed_at': None, 'author_association': 'NONE', 'active_lock_reason': None, 'body': 'marceloamr criou essa Issue via API do GitHub nos testes com Robot Framework!', 'reactions': {'url': 'https://api.github.com/repos/mayribeirofernandes/myudemyrobotframeworkcourse/issues/183/reactions', 'total_count': 0, '+1': 0, '-1': 0, 'laugh': 0, 'hooray': 0, 'confused': 0, 'heart': 0, 'rocket': 0, 'eyes': 0}, 'timeline_url': 'https://api.github.com/repos/mayribeirofernandes/myudemyrobotframeworkcourse/issues/183/timeline', 'performed_via_github_app': None, 'state_reason': None}, {'url': 'https://api.github.com/repos/mayribeirofernandes/myudemyrobotframeworkcourse/issues/182', 'repository_url': 'https://api.github.com/repos/mayribeirofernandes/myudemyrobotframeworkcourse', 'labels_url': 'https://api.github.com/repos/mayribeirofernandes/myudemyrobotframeworkcourse/issues/182/labels{/name}', 'comments_url': 'https://api.github.com/repos/mayribeirofernandes/myudemyrobotframeworkcourse/issues/182/comments', 'events_url': 'https://api.github.com/repos/mayribeirofernandes/myudemyrobotframeworkcourse/issues/182/events', 'html_url': 'https://github.com/mayribeirofernandes/myudemyrobotframeworkcourse/issues/182', 'id': 1299563973, 'node_id': 'I_kwDODPWc7s5NdcXF', 'number': 182, 'title': 'Teste de criar Issue via API do GitHub by [felipeam10]', 'user': {'login': 'felipeam10', 'id': 43375643, 'node_id': 'MDQ6VXNlcjQzMzc1NjQz', 'avatar_url': 'https://avatars.githubusercontent.com/u/43375643?v=4', 'gravatar_id': '', 'url': 'https://api.github.com/users/felipeam10', 'html_url': 'https://github.com/felipeam10', 'followers_url': 'https://api.github.com/users/felipeam10/followers', 'following_url': 'https://api.github.com/users/felipeam10/following{/other_user}', 'gists_url': 'https://api.github.com/users/felipeam10/gists{/gist_id}', 'starred_url': 'https://api.github.com/users/felipeam10/starred{/owner}{/repo}', 'subscriptions_url': 'https://api.github.com/users/felipeam10/subscriptions', 'organizations_url': 'https://api.github.com/users/felipeam10/orgs', 'repos_url': 'https://api.github.com/users/felipeam10/repos', 'events_url': 'https://api.github.com/users/felipeam10/events{/privacy}', 'received_events_url': 'https://api.github.com/users/felipeam10/received_events', 'type': 'User', 'site_admin': False}, 'labels': [], 'state': 'open', 'locked': False, 'assignee': None, 'assignees': [], 'milestone': None, 'comments': 0, 'created_at': '2022-07-09T03:59:24Z', 'updated_at': '2022-07-09T03:59:24Z', 'closed_at': None, 'author_association': 'NONE', 'active_lock_reason': None, 'body': 'Houston, we have a problem, by felipeam10', 'reactions': {'url': 'https://api.github.com/repos/mayribeirofernandes/myudemyrobotframeworkcourse/issues/182/reactions', 'total_count': 0, '+1': 0, '-1': 0, 'laugh': 0, 'hooray': 0, 'confused': 0, 'heart': 0, 'rocket': 0, 'eyes': 0}, 'timeline_url': 'https://api.github.com/repos/mayribeirofernandes/myudemyrobotframeworkcourse/issues/182/timeline', 'performed_via_github_app': None, 'state_reason': None}, {'url': 'https://api.github.com/repos/mayribeirofernandes/myudemyrobotframeworkcourse/issues/181', 'repository_url': 'https://api.github.com/repos/mayribeirofernandes/myudemyrobotframeworkcourse', 'labels_url': 'https://api.github.com/repos/mayribeirofernandes/myudemyrobotframeworkcourse/issues/181/labels{/name}', 'comments_url': 'https://api.github.com/repos/mayribeirofernandes/myudemyrobotframeworkcourse/issues/181/comments', 'events_url': 'https://api.github.com/repos/mayribeirofernandes/myudemyrobotframeworkcourse/issues/181/events', 'html_url': 'https://github.com/mayribeirofernandes/myudemyrobotframeworkcourse/issues/181', 'id': 1287191592, 'node_id': 'I_kwDODPWc7s5MuPwo', 'number': 181, 'title': 'Teste de criar Issue via API do GitHub by [DeliasAS]', 'user': {'login': 'DeliasAS', 'id': 108279219, 'node_id': 'U_kgDOBnQ1sw', 'avatar_url': 'https://avatars.githubusercontent.com/u/108279219?v=4', 'gravatar_id': '', 'url': 'https://api.github.com/users/DeliasAS', 'html_url': 'https://github.com/DeliasAS', 'followers_url': 'https://api.github.com/users/DeliasAS/followers', 'following_url': 'https://api.github.com/users/DeliasAS/following{/other_user}', 'gists_url': 'https://api.github.com/users/DeliasAS/gists{/gist_id}', 'starred_url': 'https://api.github.com/users/DeliasAS/starred{/owner}{/repo}', 'subscriptions_url': 'https://api.github.com/users/DeliasAS/subscriptions', 'organizations_url': 'https://api.github.com/users/DeliasAS/orgs', 'repos_url': 'https://api.github.com/users/DeliasAS/repos', 'events_url': 'https://api.github.com/users/DeliasAS/events{/privacy}', 'received_events_url': 'https://api.github.com/users/DeliasAS/received_events', 'type': 'User', 'site_admin': False}, 'labels': [], 'state': 'open', 'locked': False, 'assignee': None, 'assignees': [], 'milestone': None, 'comments': 0, 'created_at': '2022-06-28T11:20:26Z', 'updated_at': '2022-06-28T11:20:26Z', 'closed_at': None, 'author_association': 'NONE', 'active_lock_reason': None, 'body': 'DeliasAS criou essa Issue via API do GitHub nos testes com Robot Framework!', 'reactions': {'url': 'https://api.github.com/repos/mayribeirofernandes/myudemyrobotframeworkcourse/issues/181/reactions', 'total_count': 0, '+1': 0, '-1': 0, 'laugh': 0, 'hooray': 0, 'confused': 0, 'heart': 0, 'rocket': 0, 'eyes': 0}, 'timeline_url': 'https://api.github.com/repos/mayribeirofernandes/myudemyrobotframeworkcourse/issues/181/timeline', 'performed_via_github_app': None, 'state_reason': None}, {'url': 'https://api.github.com/repos/mayribeirofernandes/myudemyrobotframeworkcourse/issues/180', 'repository_url': 'https://api.github.com/repos/mayribeirofernandes/myudemyrobotframeworkcourse', 'labels_url': 'https://api.github.com/repos/mayribeirofernandes/myudemyrobotframeworkcourse/issues/180/labels{/name}', 'comments_url': 'https://api.github.com/repos/mayribeirofernandes/myudemyrobotframeworkcourse/issues/180/comments', 'events_url': 'https://api.github.com/repos/mayribeirofernandes/myudemyrobotframeworkcourse/issues/180/events', 'html_url': 'https://github.com/mayribeirofernandes/myudemyrobotframeworkcourse/issues/180', 'id': 1286223634, 'node_id': 'I_kwDODPWc7s5MqjcS', 'number': 180, 'title': 'Teste de criar Issue via API do GitHub by [DeliasAS]', 'user': {'login': 'DeliasAS', 'id': 108279219, 'node_id': 'U_kgDOBnQ1sw', 'avatar_url': 'https://avatars.githubusercontent.com/u/108279219?v=4', 'gravatar_id': '', 'url': 'https://api.github.com/users/DeliasAS', 'html_url': 'https://github.com/DeliasAS', 'followers_url': 'https://api.github.com/users/DeliasAS/followers', 'following_url': 'https://api.github.com/users/DeliasAS/following{/other_user}', 'gists_url': 'https://api.github.com/users/DeliasAS/gists{/gist_id}', 'starred_url': 'https://api.github.com/users/DeliasAS/starred{/owner}{/repo}', 'subscriptions_url': 'https://api.github.com/users/DeliasAS/subscriptions', 'organizations_url': 'https://api.github.com/users/DeliasAS/orgs', 'repos_url': 'https://api.github.com/users/DeliasAS/repos', 'events_url': 'https://api.github.com/users/DeliasAS/events{/privacy}', 'received_events_url': 'https://api.github.com/users/DeliasAS/received_events', 'type': 'User', 'site_admin': False}, 'labels': [], 'state': 'open', 'locked': False, 'assignee': None, 'assignees': [], 'milestone': None, 'comments': 0, 'created_at': '2022-06-27T19:03:34Z', 'updated_at': '2022-06-27T19:03:34Z', 'closed_at': None, 'author_association': 'NONE', 'active_lock_reason': None, 'body': 'DeliasAS criou essa Issue via API do GitHub nos testes com Robot Framework!', 'reactions': {'url': 'https://api.github.com/repos/mayribeirofernandes/myudemyrobotframeworkcourse/issues/180/reactions', 'total_count': 0, '+1': 0, '-1': 0, 'laugh': 0, 'hooray': 0, 'confused': 0, 'heart': 0, 'rocket': 0, 'eyes': 0}, 'timeline_url': 'https://api.github.com/repos/mayribeirofernandes/myudemyrobotframeworkcourse/issues/180/timeline', 'performed_via_github_app': None, 'state_reason': None}, {'url': 'https://api.github.com/repos/mayribeirofernandes/myudemyrobotframeworkcourse/issues/179', 'repository_url': 'https://api.github.com/repos/mayribeirofernandes/myudemyrobotframeworkcourse', 'labels_url': 'https://api.github.com/repos/mayribeirofernandes/myudemyrobotframeworkcourse/issues/179/labels{/name}', 'comments_url': 'https://api.github.com/repos/mayribeirofernandes/myudemyrobotframeworkcourse/issues/179/comments', 'events_url': 'https://api.github.com/repos/mayribeirofernandes/myudemyrobotframeworkcourse/issues/179/events', 'html_url': 'https://github.com/mayribeirofernandes/myudemyrobotframeworkcourse/issues/179', 'id': 1286222309, 'node_id': 'I_kwDODPWc7s5MqjHl', 'number': 179, 'title': 'Teste de criar Issue via API do GitHub by [DeliasAS]', 'user': {'login': 'DeliasAS', 'id': 108279219, 'node_id': 'U_kgDOBnQ1sw', 'avatar_url': 'https://avatars.githubusercontent.com/u/108279219?v=4', 'gravatar_id': '', 'url': 'https://api.github.com/users/DeliasAS', 'html_url': 'https://github.com/DeliasAS', 'followers_url': 'https://api.github.com/users/DeliasAS/followers', 'following_url': 'https://api.github.com/users/DeliasAS/following{/other_user}', 'gists_url': 'https://api.github.com/users/DeliasAS/gists{/gist_id}', 'starred_url': 'https://api.github.com/users/DeliasAS/starred{/owner}{/repo}', 'subscriptions_url': 'https://api.github.com/users/DeliasAS/subscriptions', 'organizations_url': 'https://api.github.com/users/DeliasAS/orgs', 'repos_url': 'https://api.github.com/users/DeliasAS/repos', 'events_url': 'https://api.github.com/users/DeliasAS/events{/privacy}', 'received_events_url': 'https://api.github.com/users/DeliasAS/received_events', 'type': 'User', 'site_admin': False}, 'labels': [], 'state': 'open', 'locked': False, 'assignee': None, 'assignees': [], 'milestone': None, 'comments': 0, 'created_at': '2022-06-27T19:02:15Z', 'updated_at': '2022-06-27T19:02:15Z', 'closed_at': None, 'author_association': 'NONE', 'active_lock_reason': None, 'body': 'DeliasAS criou essa Issue via API do GitHub nos testes com Robot Framework!', 'reactions': {'url': 'https://api.github.com/repos/mayribeirofernandes/myudemyrobotframeworkcourse/issues/179/reactions', 'total_count': 0, '+1': 0, '-1': 0, 'laugh': 0, 'hooray': 0, 'confused': 0, 'heart': 0, 'rocket': 0, 'eyes': 0}, 'timeline_url': 'https://api.github.com/repos/mayribeirofernandes/myudemyrobotframeworkcourse/issues/179/timeline', 'performed_via_github_app': None, 'state_reason': None}]</msg>
<status status="PASS" starttime="20230416 18:47:43.912" endtime="20230416 18:47:43.918"/>
</kw>
<kw name="Confere sucesso na requisição">
<arg>${MY_ISSUES}</arg>
<kw name="Should Be True" library="BuiltIn">
<arg>'${RESPONSE.status_code}'=='200' or '${RESPONSE.status_code}'=='201'</arg>
<arg>msg=Erro na requisição! Verifique: ${RESPONSE}</arg>
<doc>Fails if the given condition is not true.</doc>
<status status="PASS" starttime="20230416 18:47:43.920" endtime="20230416 18:47:43.923"/>
</kw>
<status status="PASS" starttime="20230416 18:47:43.919" endtime="20230416 18:47:43.923"/>
</kw>
<status status="PASS" starttime="20230416 18:47:43.377" endtime="20230416 18:47:43.923"/>
</kw>
<status status="PASS" starttime="20230416 18:47:43.372" endtime="20230416 18:47:43.924"/>
</test>
<doc>Exemplos da própria Library: https://github.com/bulkan/robotframework-requests/blob/master/tests/testcase.robot
Doc da API do GitHub: https://developer.github.com/v3/</doc>
<status status="FAIL" starttime="20230416 18:47:42.757" endtime="20230416 18:47:43.925"/>
</suite>
<statistics>
<total>
<stat pass="1" fail="1" skip="0">All Tests</stat>
</total>
<tag>
</tag>
<suite>
<stat pass="1" fail="1" skip="0" id="s1" name="solucaoExerciciosAPI">solucaoExerciciosAPI</stat>
</suite>
</statistics>
<errors>
</errors>
</robot>
